237
PAINT_SQUARE 20 20 8
PAINT_SQUARE 20 30 8
PAINT_SQUARE 3 13 2
PAINT_SQUARE 3 18 2
PAINT_SQUARE 3 20 2
PAINT_LINE 22 15 22 39
PAINT_SQUARE 1 50 0
PAINT_SQUARE 7 0 0
PAINT_SQUARE 7 1 0
PAINT_SQUARE 7 2 0
PAINT_SQUARE 17 51 0
ERASE_CELL 1 11
ERASE_CELL 1 12
ERASE_CELL 1 13
ERASE_CELL 1 14
ERASE_CELL 1 15
ERASE_CELL 1 16
ERASE_CELL 1 17
ERASE_CELL 1 18
ERASE_CELL 1 19
ERASE_CELL 1 20
ERASE_CELL 1 21
ERASE_CELL 1 22
ERASE_CELL 2 11
ERASE_CELL 2 12
ERASE_CELL 2 13
ERASE_CELL 2 14
ERASE_CELL 2 15
ERASE_CELL 2 16
ERASE_CELL 2 17
ERASE_CELL 2 18
ERASE_CELL 2 19
ERASE_CELL 2 20
ERASE_CELL 2 21
ERASE_CELL 2 22
ERASE_CELL 12 12
ERASE_CELL 12 13
ERASE_CELL 12 14
ERASE_CELL 12 15
ERASE_CELL 12 16
ERASE_CELL 12 17
ERASE_CELL 12 18
ERASE_CELL 12 19
ERASE_CELL 12 20
ERASE_CELL 12 21
ERASE_CELL 12 22
ERASE_CELL 12 23
ERASE_CELL 12 24
ERASE_CELL 12 25
ERASE_CELL 12 26
ERASE_CELL 12 27
ERASE_CELL 12 28
ERASE_CELL 12 29
ERASE_CELL 12 30
ERASE_CELL 12 31
ERASE_CELL 12 32
ERASE_CELL 12 33
ERASE_CELL 12 34
ERASE_CELL 12 35
ERASE_CELL 12 36
ERASE_CELL 12 37
ERASE_CELL 12 38
ERASE_CELL 13 12
ERASE_CELL 13 13
ERASE_CELL 13 14
ERASE_CELL 13 15
ERASE_CELL 13 16
ERASE_CELL 13 17
ERASE_CELL 13 18
ERASE_CELL 13 19
ERASE_CELL 13 20
ERASE_CELL 13 21
ERASE_CELL 13 22
ERASE_CELL 13 23
ERASE_CELL 13 24
ERASE_CELL 13 25
ERASE_CELL 13 26
ERASE_CELL 13 27
ERASE_CELL 13 28
ERASE_CELL 13 29
ERASE_CELL 13 30
ERASE_CELL 13 31
ERASE_CELL 13 32
ERASE_CELL 13 33
ERASE_CELL 13 34
ERASE_CELL 13 35
ERASE_CELL 13 36
ERASE_CELL 13 37
ERASE_CELL 13 38
ERASE_CELL 14 12
ERASE_CELL 14 13
ERASE_CELL 14 14
ERASE_CELL 14 15
ERASE_CELL 14 16
ERASE_CELL 14 17
ERASE_CELL 14 18
ERASE_CELL 14 19
ERASE_CELL 14 20
ERASE_CELL 14 21
ERASE_CELL 14 22
ERASE_CELL 14 23
ERASE_CELL 14 24
ERASE_CELL 14 25
ERASE_CELL 14 26
ERASE_CELL 14 27
ERASE_CELL 14 28
ERASE_CELL 14 29
ERASE_CELL 14 30
ERASE_CELL 14 31
ERASE_CELL 14 32
ERASE_CELL 14 33
ERASE_CELL 14 34
ERASE_CELL 14 35
ERASE_CELL 14 36
ERASE_CELL 14 37
ERASE_CELL 14 38
ERASE_CELL 15 12
ERASE_CELL 15 13
ERASE_CELL 15 14
ERASE_CELL 15 15
ERASE_CELL 15 16
ERASE_CELL 15 17
ERASE_CELL 15 18
ERASE_CELL 15 19
ERASE_CELL 15 20
ERASE_CELL 15 21
ERASE_CELL 15 22
ERASE_CELL 15 23
ERASE_CELL 15 24
ERASE_CELL 15 25
ERASE_CELL 15 26
ERASE_CELL 15 27
ERASE_CELL 15 28
ERASE_CELL 15 29
ERASE_CELL 15 30
ERASE_CELL 15 31
ERASE_CELL 15 32
ERASE_CELL 15 33
ERASE_CELL 15 34
ERASE_CELL 15 35
ERASE_CELL 15 36
ERASE_CELL 15 37
ERASE_CELL 15 38
ERASE_CELL 16 12
ERASE_CELL 16 13
ERASE_CELL 16 14
ERASE_CELL 16 15
ERASE_CELL 16 16
ERASE_CELL 16 17
ERASE_CELL 16 18
ERASE_CELL 16 19
ERASE_CELL 16 20
ERASE_CELL 16 21
ERASE_CELL 16 22
ERASE_CELL 16 23
ERASE_CELL 16 24
ERASE_CELL 16 25
ERASE_CELL 16 26
ERASE_CELL 16 27
ERASE_CELL 16 28
ERASE_CELL 16 29
ERASE_CELL 16 30
ERASE_CELL 16 31
ERASE_CELL 16 32
ERASE_CELL 16 33
ERASE_CELL 16 34
ERASE_CELL 16 35
ERASE_CELL 16 36
ERASE_CELL 16 37
ERASE_CELL 16 38
ERASE_CELL 17 12
ERASE_CELL 17 13
ERASE_CELL 17 14
ERASE_CELL 17 15
ERASE_CELL 17 16
ERASE_CELL 17 17
ERASE_CELL 17 18
ERASE_CELL 17 19
ERASE_CELL 17 20
ERASE_CELL 17 21
ERASE_CELL 17 22
ERASE_CELL 17 23
ERASE_CELL 17 24
ERASE_CELL 17 25
ERASE_CELL 17 26
ERASE_CELL 17 27
ERASE_CELL 17 28
ERASE_CELL 17 29
ERASE_CELL 17 30
ERASE_CELL 17 31
ERASE_CELL 17 32
ERASE_CELL 17 33
ERASE_CELL 17 34
ERASE_CELL 17 35
ERASE_CELL 17 36
ERASE_CELL 17 37
ERASE_CELL 17 38
ERASE_CELL 18 12
ERASE_CELL 18 13
ERASE_CELL 18 14
ERASE_CELL 18 15
ERASE_CELL 18 16
ERASE_CELL 18 17
ERASE_CELL 18 18
ERASE_CELL 18 19
ERASE_CELL 18 20
ERASE_CELL 18 21
ERASE_CELL 18 22
ERASE_CELL 18 23
ERASE_CELL 18 24
ERASE_CELL 18 25
ERASE_CELL 18 26
ERASE_CELL 18 27
ERASE_CELL 18 28
ERASE_CELL 18 29
ERASE_CELL 18 30
ERASE_CELL 18 31
ERASE_CELL 18 32
ERASE_CELL 18 33
ERASE_CELL 18 34
ERASE_CELL 18 35
ERASE_CELL 18 36
ERASE_CELL 18 37
ERASE_CELL 18 38
ERASE_CELL 20 31
ERASE_CELL 20 32
ERASE_CELL 22 27
ERASE_CELL 22 28
ERASE_CELL 22 29
ERASE_CELL 22 30
ERASE_CELL 25 20
ERASE_CELL 25 21
ERASE_CELL 25 22
ERASE_CELL 25 23
ERASE_CELL 25 24
ERASE_CELL 25 25
ERASE_CELL 25 26
