3233
PAINT_SQUARE 56 538 7
PAINT_SQUARE 57 209 7
PAINT_SQUARE 58 513 7
PAINT_SQUARE 73 514 7
PAINT_SQUARE 41 537 6
PAINT_SQUARE 61 293 6
PAINT_SQUARE 66 465 6
PAINT_LINE 5 406 5 564
PAINT_LINE 5 515 5 673
PAINT_LINE 45 0 45 155
PAINT_LINE 0 518 0 643
PAINT_SQUARE 63 317 5
PAINT_SQUARE 64 441 5
PAINT_SQUARE 65 367 5
PAINT_SQUARE 65 390 5
PAINT_SQUARE 66 560 5
PAINT_SQUARE 126 177 5
PAINT_SQUARE 147 48 5
PAINT_SQUARE 71 563 5
PAINT_SQUARE 69 317 5
PAINT_LINE 31 39 31 154
PAINT_LINE 70 38 70 153
PAINT_LINE 39 666 39 779
PAINT_LINE 40 668 40 776
PAINT_LINE 1 419 1 515
PAINT_SQUARE 58 601 4
PAINT_SQUARE 69 214 4
PAINT_SQUARE 77 535 4
PAINT_SQUARE 85 510 4
PAINT_SQUARE 77 541 4
PAINT_LINE 4 546 4 625
PAINT_LINE 76 215 76 289
PAINT_LINE 62 39 62 112
PAINT_LINE 46 84 46 154
PAINT_LINE 119 83 119 153
PAINT_LINE 38 218 38 287
PAINT_LINE 77 217 77 286
PAINT_LINE 37 219 37 287
PAINT_LINE 85 71 153 71
PAINT_LINE 78 219 78 284
PAINT_LINE 150 88 150 153
PAINT_LINE 128 89 128 153
PAINT_LINE 141 89 141 153
PAINT_LINE 36 221 36 284
PAINT_LINE 91 72 153 72
PAINT_LINE 35 224 35 282
PAINT_LINE 79 223 79 281
PAINT_LINE 91 461 91 515
PAINT_LINE 92 462 92 515
PAINT_LINE 77 316 77 368
PAINT_LINE 77 389 77 441
PAINT_LINE 77 559 77 611
PAINT_LINE 80 226 80 278
PAINT_LINE 56 391 56 442
PAINT_LINE 77 737 77 788
PAINT_LINE 55 317 55 367
PAINT_LINE 78 318 78 367
PAINT_LINE 78 391 78 440
PAINT_LINE 78 560 78 609
PAINT_LINE 93 464 93 513
PAINT_SQUARE 42 219 3
PAINT_SQUARE 46 212 3
PAINT_SQUARE 53 485 3
PAINT_SQUARE 53 492 3
PAINT_SQUARE 53 578 3
PAINT_SQUARE 53 585 3
PAINT_SQUARE 54 499 3
PAINT_SQUARE 55 570 3
PAINT_SQUARE 56 474 3
PAINT_SQUARE 58 257 3
PAINT_SQUARE 58 264 3
PAINT_SQUARE 58 271 3
PAINT_SQUARE 58 278 3
PAINT_SQUARE 67 534 3
PAINT_SQUARE 67 541 3
PAINT_SQUARE 71 288 3
PAINT_SQUARE 73 437 3
PAINT_SQUARE 76 470 3
PAINT_SQUARE 78 502 3
PAINT_SQUARE 79 480 3
PAINT_SQUARE 80 487 3
PAINT_SQUARE 81 780 3
PAINT_SQUARE 124 186 3
PAINT_SQUARE 128 5 3
PAINT_SQUARE 135 10 3
PAINT_SQUARE 138 47 3
PAINT_SQUARE 138 516 3
PAINT_SQUARE 138 523 3
PAINT_SQUARE 143 22 3
PAINT_SQUARE 149 38 3
PAINT_SQUARE 80 493 3
PAINT_SQUARE 85 776 3
PAINT_SQUARE 53 590 3
PAINT_SQUARE 58 283 3
PAINT_SQUARE 124 191 3
PAINT_SQUARE 78 475 3
PAINT_SQUARE 55 502 3
PAINT_LINE 34 228 34 276
PAINT_LINE 55 392 55 440
PAINT_LINE 7 696 7 743
PAINT_LINE 157 752 157 799
PAINT_LINE 54 320 54 366
PAINT_LINE 54 393 54 439
PAINT_LINE 94 465 94 511
PAINT_LINE 134 448 134 494
PAINT_LINE 79 319 79 364
PAINT_LINE 63 798 108 798
PAINT_LINE 64 796 108 796
PAINT_LINE 64 797 108 797
PAINT_LINE 79 564 79 607
PAINT_LINE 95 467 95 510
PAINT_LINE 79 394 79 436
PAINT_LINE 65 795 107 795
PAINT_LINE 33 231 33 272
PAINT_LINE 53 322 53 363
PAINT_LINE 53 395 53 436
PAINT_LINE 81 232 81 273
PAINT_LINE 80 322 80 362
PAINT_LINE 6 694 6 733
PAINT_LINE 80 566 80 605
PAINT_LINE 142 761 142 799
PAINT_LINE 80 396 80 433
PAINT_LINE 52 324 52 360
PAINT_LINE 62 0 62 36
PAINT_LINE 96 472 96 507
PAINT_LINE 81 567 81 601
PAINT_LINE 103 657 103 691
PAINT_LINE 111 640 111 674
PAINT_LINE 52 399 52 432
PAINT_LINE 129 101 129 134
PAINT_LINE 133 629 133 662
PAINT_LINE 81 325 81 357
PAINT_LINE 81 398 81 430
PAINT_LINE 88 727 88 759
PAINT_LINE 85 41 85 73
PAINT_LINE 85 741 85 773
PAINT_LINE 32 236 32 267
PAINT_LINE 70 5 70 36
PAINT_LINE 86 37 86 68
PAINT_LINE 93 737 93 768
PAINT_LINE 97 473 97 504
PAINT_LINE 77 799 108 799
PAINT_LINE 112 213 143 213
PAINT_LINE 112 252 143 252
PAINT_LINE 135 483 135 513
PAINT_LINE 108 212 138 212
PAINT_LINE 127 215 157 215
PAINT_LINE 9 777 39 777
PAINT_LINE 9 778 39 778
PAINT_LINE 9 779 39 779
PAINT_LINE 105 47 135 47
PAINT_LINE 92 746 92 775
PAINT_LINE 9 780 38 780
PAINT_LINE 115 214 144 214
PAINT_LINE 106 46 135 46
PAINT_LINE 0 458 0 486
PAINT_LINE 51 328 51 356
PAINT_LINE 63 579 63 606
PAINT_LINE 75 214 75 241
PAINT_LINE 76 752 76 779
PAINT_LINE 134 356 134 383
PAINT_LINE 155 54 155 81
PAINT_LINE 107 57 134 57
PAINT_LINE 32 5 32 31
PAINT_LINE 51 403 51 429
PAINT_LINE 64 574 64 600
PAINT_LINE 82 239 82 265
PAINT_LINE 140 683 140 709
PAINT_LINE 153 72 153 98
PAINT_LINE 62 116 62 141
PAINT_LINE 74 211 74 236
PAINT_LINE 82 329 82 354
PAINT_LINE 146 158 146 183
PAINT_SQUARE 2 696 2
PAINT_SQUARE 56 468 2
PAINT_SQUARE 56 564 2
PAINT_SQUARE 57 153 2
PAINT_SQUARE 58 359 2
PAINT_SQUARE 60 608 2
PAINT_SQUARE 62 153 2
PAINT_SQUARE 67 207 2
PAINT_SQUARE 67 571 2
PAINT_SQUARE 67 576 2
PAINT_SQUARE 71 221 2
PAINT_SQUARE 73 281 2
PAINT_SQUARE 73 361 2
PAINT_SQUARE 73 366 2
PAINT_SQUARE 73 389 2
PAINT_SQUARE 73 394 2
PAINT_SQUARE 80 758 2
PAINT_SQUARE 83 517 2
PAINT_SQUARE 88 769 2
PAINT_SQUARE 95 706 2
PAINT_SQUARE 96 17 2
PAINT_SQUARE 96 767 2
PAINT_SQUARE 107 349 2
PAINT_SQUARE 120 493 2
PAINT_SQUARE 122 500 2
PAINT_SQUARE 127 168 2
PAINT_SQUARE 128 690 2
PAINT_SQUARE 131 705 2
PAINT_SQUARE 136 706 2
PAINT_SQUARE 138 16 2
PAINT_SQUARE 143 223 2
PAINT_SQUARE 145 28 2
PAINT_SQUARE 147 793 2
PAINT_SQUARE 150 56 2
PAINT_SQUARE 150 247 2
PAINT_SQUARE 150 409 2
PAINT_SQUARE 150 566 2
PAINT_SQUARE 151 622 2
PAINT_SQUARE 155 212 2
PAINT_SQUARE 155 247 2
PAINT_SQUARE 148 32 2
PAINT_SQUARE 152 570 2
PAINT_SQUARE 65 153 2
PAINT_SQUARE 73 369 2
PAINT_SQUARE 74 396 2
PAINT_SQUARE 82 759 2
PAINT_SQUARE 97 15 2
PAINT_SQUARE 149 792 2
PAINT_LINE 56 316 56 340
PAINT_LINE 110 644 110 668
PAINT_LINE 114 640 114 664
PAINT_LINE 106 1 130 1
PAINT_LINE 111 45 135 45
PAINT_LINE 152 83 152 106
PAINT_LINE 90 459 90 481
PAINT_LINE 39 265 39 286
PAINT_LINE 76 349 76 370
PAINT_LINE 82 720 82 741
PAINT_LINE 91 757 91 778
PAINT_LINE 120 123 120 144
PAINT_LINE 128 778 128 799
PAINT_LINE 135 356 135 377
PAINT_LINE 148 103 148 124
PAINT_LINE 112 245 112 266
PAINT_LINE 141 492 141 513
PAINT_LINE 37 530 58 530
PAINT_LINE 7 185 7 205
PAINT_LINE 31 0 31 20
PAINT_LINE 57 424 57 444
PAINT_LINE 76 591 76 611
PAINT_LINE 82 404 82 424
PAINT_LINE 82 575 82 595
PAINT_LINE 97 742 97 762
PAINT_LINE 107 0 127 0
PAINT_LINE 120 253 140 253
PAINT_LINE 0 489 0 508
PAINT_LINE 90 497 90 516
PAINT_LINE 98 769 98 788
PAINT_LINE 66 794 85 794
PAINT_LINE 40 607 40 625
PAINT_LINE 76 314 76 332
PAINT_LINE 83 2 83 20
PAINT_LINE 98 479 98 497
PAINT_LINE 94 72 94 90
PAINT_LINE 95 769 95 787
PAINT_LINE 138 216 156 216
PAINT_LINE 57 313 57 330
PAINT_LINE 57 389 57 406
PAINT_LINE 67 762 67 779
PAINT_LINE 145 86 145 103
PAINT_LINE 151 89 151 106
PAINT_LINE 154 73 154 90
PAINT_LINE 39 222 39 239
PAINT_LINE 113 56 130 56
PAINT_LINE 17 641 17 657
PAINT_LINE 58 387 58 403
PAINT_LINE 58 429 58 445
PAINT_LINE 75 761 75 777
PAINT_LINE 87 730 87 746
PAINT_LINE 89 460 89 476
PAINT_LINE 97 404 97 420
PAINT_LINE 99 756 99 772
PAINT_LINE 139 470 139 486
PAINT_LINE 145 112 145 128
PAINT_LINE 145 649 145 665
PAINT_LINE 96 19 96 35
PAINT_LINE 54 147 70 147
PAINT_LINE 54 148 70 148
PAINT_LINE 111 251 127 251
PAINT_LINE 141 507 157 507
PAINT_LINE 0 12 0 27
PAINT_LINE 40 270 40 285
PAINT_LINE 50 336 50 351
PAINT_LINE 50 409 50 424
PAINT_LINE 59 386 59 401
PAINT_LINE 66 771 66 786
PAINT_LINE 68 753 68 768
PAINT_LINE 69 746 69 761
PAINT_LINE 71 530 71 545
PAINT_LINE 75 313 75 328
PAINT_LINE 75 594 75 609
PAINT_LINE 82 66 82 81
PAINT_LINE 84 7 84 22
PAINT_LINE 84 80 84 95
PAINT_LINE 87 39 87 54
PAINT_LINE 88 460 88 475
PAINT_LINE 94 772 94 787
PAINT_LINE 102 649 102 664
PAINT_LINE 110 412 110 427
PAINT_LINE 122 670 122 685
PAINT_LINE 129 137 129 152
PAINT_LINE 134 406 134 421
PAINT_LINE 136 406 136 421
PAINT_LINE 140 405 140 420
PAINT_LINE 143 784 143 799
PAINT_LINE 146 76 146 91
PAINT_LINE 153 41 153 56
PAINT_LINE 156 784 156 799
PAINT_LINE 62 582 62 597
PAINT_LINE 133 72 133 87
PAINT_LINE 14 776 29 776
PAINT_LINE 102 236 117 236
PAINT_LINE 106 211 121 211
PAINT_LINE 124 254 139 254
PAINT_LINE 129 601 144 601
PAINT_LINE 54 65 69 65
PAINT_LINE 120 507 135 507
PAINT_LINE 141 506 156 506
PAINT_LINE 0 420 0 434
PAINT_LINE 39 601 39 615
PAINT_LINE 46 46 46 60
PAINT_LINE 46 62 46 76
PAINT_LINE 64 749 64 763
PAINT_LINE 76 726 76 740
PAINT_LINE 84 47 84 61
PAINT_LINE 84 739 84 753
PAINT_LINE 95 409 95 423
PAINT_LINE 101 745 101 759
PAINT_LINE 111 412 111 426
PAINT_LINE 113 412 113 426
PAINT_LINE 127 355 127 369
PAINT_LINE 132 658 132 672
PAINT_LINE 139 219 139 233
PAINT_LINE 139 404 139 418
PAINT_LINE 154 46 154 60
PAINT_LINE 40 222 40 236
PAINT_LINE 48 530 48 544
PAINT_LINE 66 578 66 592
PAINT_LINE 89 753 89 767
PAINT_LINE 96 751 96 765
PAINT_LINE 59 311 73 311
PAINT_LINE 104 228 118 228
PAINT_LINE 106 229 120 229
PAINT_LINE 107 238 121 238
PAINT_LINE 110 221 124 221
PAINT_LINE 121 58 135 58
PAINT_LINE 32 81 46 81
PAINT_LINE 40 34 54 34
PAINT_LINE 63 32 77 32
PAINT_LINE 63 33 77 33
PAINT_LINE 63 34 77 34
PAINT_LINE 63 58 77 58
PAINT_LINE 120 488 134 488
PAINT_LINE 27 190 27 203
PAINT_LINE 27 617 27 630
PAINT_LINE 31 23 31 36
PAINT_LINE 37 626 37 639
PAINT_LINE 60 556 60 569
PAINT_LINE 65 742 65 755
PAINT_LINE 70 738 70 751
PAINT_LINE 86 90 86 103
PAINT_LINE 96 284 96 297
PAINT_LINE 99 351 99 364
PAINT_LINE 102 312 102 325
PAINT_LINE 102 667 102 680
PAINT_LINE 112 411 112 424
PAINT_LINE 117 359 117 372
PAINT_LINE 131 406 131 419
PAINT_LINE 139 362 139 375
PAINT_LINE 140 363 140 376
PAINT_LINE 144 579 144 592
PAINT_LINE 146 111 146 124
PAINT_LINE 147 109 147 122
PAINT_LINE 148 150 148 163
PAINT_LINE 149 102 149 115
PAINT_LINE 157 636 157 649
PAINT_LINE 98 209 111 209
PAINT_LINE 105 237 118 237
PAINT_LINE 123 211 136 211
PAINT_LINE 31 152 44 152
PAINT_LINE 31 153 44 153
PAINT_LINE 31 154 44 154
PAINT_LINE 56 66 69 66
PAINT_LINE 63 59 76 59
PAINT_LINE 63 60 76 60
PAINT_LINE 1 20 1 32
PAINT_LINE 33 13 33 25
PAINT_LINE 36 629 36 641
PAINT_LINE 48 87 48 99
PAINT_LINE 49 87 49 99
PAINT_LINE 58 769 58 781
PAINT_LINE 82 532 82 544
PAINT_LINE 83 79 83 91
PAINT_LINE 85 88 85 100
PAINT_LINE 94 733 94 745
PAINT_LINE 102 410 102 422
PAINT_LINE 105 435 105 447
PAINT_LINE 111 255 111 267
PAINT_LINE 113 359 113 371
PAINT_LINE 117 320 117 332
PAINT_LINE 118 413 118 425
PAINT_LINE 124 406 124 418
PAINT_LINE 126 354 126 366
PAINT_LINE 132 624 132 636
PAINT_LINE 136 450 136 462
PAINT_LINE 141 698 141 710
PAINT_LINE 143 363 143 375
PAINT_LINE 156 618 156 630
PAINT_LINE 56 345 56 357
PAINT_LINE 75 267 75 279
PAINT_LINE 147 72 147 84
PAINT_LINE 154 216 154 228
PAINT_LINE 55 300 67 300
PAINT_LINE 96 49 108 49
PAINT_LINE 105 210 117 210
PAINT_LINE 125 255 137 255
PAINT_LINE 129 609 141 609
PAINT_LINE 131 600 143 600
PAINT_LINE 134 602 146 602
PAINT_LINE 39 7 51 7
PAINT_LINE 63 17 75 17
PAINT_LINE 67 530 79 530
PAINT_LINE 111 250 123 250
PAINT_LINE 122 487 134 487
PAINT_LINE 14 756 14 767
PAINT_LINE 35 636 35 647
PAINT_LINE 60 749 60 760
PAINT_LINE 62 734 62 745
PAINT_LINE 64 782 64 793
PAINT_LINE 69 715 69 726
PAINT_LINE 77 716 77 727
PAINT_LINE 83 407 83 418
PAINT_LINE 86 6 86 17
PAINT_LINE 87 96 87 107
PAINT_LINE 95 84 95 95
PAINT_LINE 103 284 103 295
PAINT_LINE 103 312 103 323
PAINT_LINE 103 353 103 364
PAINT_LINE 112 358 112 369
PAINT_LINE 117 665 117 676
PAINT_LINE 118 359 118 370
PAINT_LINE 125 355 125 366
PAINT_LINE 132 356 132 367
PAINT_LINE 135 408 135 419
PAINT_LINE 137 363 137 374
PAINT_LINE 137 656 137 667
PAINT_LINE 140 476 140 487
PAINT_LINE 150 390 150 401
PAINT_LINE 156 638 156 649
PAINT_LINE 41 222 41 233
PAINT_LINE 67 578 67 589
PAINT_LINE 73 223 73 234
PAINT_LINE 74 7 74 18
PAINT_LINE 75 7 75 18
PAINT_LINE 84 761 84 772
PAINT_LINE 150 204 150 215
PAINT_LINE 55 301 66 301
PAINT_LINE 60 310 71 310
PAINT_LINE 61 373 72 373
PAINT_LINE 98 208 109 208
PAINT_LINE 102 48 113 48
PAINT_LINE 102 218 113 218
PAINT_LINE 102 227 113 227
PAINT_LINE 108 220 119 220
PAINT_LINE 112 62 123 62
PAINT_LINE 142 70 153 70
PAINT_LINE 34 155 45 155
PAINT_LINE 39 8 50 8
PAINT_LINE 39 9 50 9
PAINT_LINE 55 521 66 521
PAINT_LINE 58 18 69 18
PAINT_LINE 66 57 77 57
PAINT_LINE 70 506 81 506
PAINT_LINE 83 785 94 785
PAINT_LINE 114 2 125 2
PAINT_LINE 129 697 140 697
PAINT_LINE 145 657 156 657
PAINT_LINE 146 182 157 182
PAINT_LINE 0 704 0 714
PAINT_LINE 18 649 18 659
PAINT_LINE 33 682 33 692
PAINT_LINE 35 674 35 684
PAINT_LINE 37 668 37 678
PAINT_LINE 47 89 47 99
PAINT_LINE 59 556 59 566
PAINT_LINE 59 761 59 771
PAINT_LINE 61 742 61 752
PAINT_LINE 65 777 65 787
PAINT_LINE 71 735 71 745
PAINT_LINE 74 597 74 607
PAINT_LINE 81 720 81 730
PAINT_LINE 83 735 83 745
PAINT_LINE 88 101 88 111
PAINT_LINE 96 351 96 361
PAINT_LINE 99 285 99 295
PAINT_LINE 101 646 101 656
PAINT_LINE 102 685 102 695
PAINT_LINE 104 76 104 86
PAINT_LINE 110 360 110 370
PAINT_LINE 112 667 112 677
PAINT_LINE 113 671 113 681
PAINT_LINE 115 344 115 354
PAINT_LINE 119 625 119 635
PAINT_LINE 124 357 124 367
PAINT_LINE 126 199 126 209
PAINT_LINE 126 406 126 416
PAINT_LINE 134 674 134 684
PAINT_LINE 140 125 140 135
PAINT_LINE 142 613 142 623
PAINT_LINE 144 92 144 102
PAINT_LINE 149 374 149 384
PAINT_LINE 152 375 152 385
PAINT_LINE 58 361 58 371
PAINT_LINE 59 361 59 371
PAINT_LINE 59 461 59 471
PAINT_LINE 73 7 73 17
PAINT_LINE 76 424 76 434
PAINT_LINE 89 778 89 788
PAINT_LINE 97 19 97 29
PAINT_LINE 102 232 102 242
PAINT_LINE 103 233 103 243
PAINT_LINE 127 194 127 204
PAINT_LINE 134 72 134 82
PAINT_LINE 34 544 44 544
PAINT_LINE 96 794 106 794
PAINT_LINE 111 44 121 44
PAINT_LINE 34 647 44 647
PAINT_LINE 113 101 123 101
PAINT_LINE 122 492 132 492
PAINT_LINE 122 493 132 493
PAINT_LINE 143 42 153 42
PAINT_LINE 145 658 155 658
PAINT_LINE 4 739 4 748
PAINT_LINE 6 192 6 201
PAINT_LINE 10 266 10 275
PAINT_LINE 20 734 20 743
PAINT_LINE 24 718 24 727
PAINT_LINE 25 223 25 232
PAINT_LINE 28 702 28 711
PAINT_LINE 29 699 29 708
PAINT_LINE 30 695 30 704
PAINT_LINE 31 691 31 700
PAINT_LINE 34 679 34 688
PAINT_LINE 38 623 38 632
PAINT_LINE 41 274 41 283
PAINT_LINE 48 59 48 68
PAINT_LINE 57 778 57 787
PAINT_LINE 61 776 61 785
PAINT_LINE 62 766 62 775
PAINT_LINE 66 739 66 748
PAINT_LINE 67 732 67 741
PAINT_LINE 72 725 72 734
PAINT_LINE 73 720 73 729
PAINT_LINE 76 7 76 16
PAINT_LINE 79 77 79 86
PAINT_LINE 83 252 83 261
PAINT_LINE 83 339 83 348
PAINT_LINE 85 13 85 22
PAINT_LINE 87 464 87 473
PAINT_LINE 97 95 97 104
PAINT_LINE 97 313 97 322
PAINT_LINE 98 738 98 747
PAINT_LINE 100 6 100 15
PAINT_LINE 104 439 104 448
PAINT_LINE 106 436 106 445
PAINT_LINE 115 389 115 398
PAINT_LINE 117 377 117 386
PAINT_LINE 118 671 118 680
PAINT_LINE 119 672 119 681
PAINT_LINE 120 178 120 187
PAINT_LINE 129 777 129 786
PAINT_LINE 132 407 132 416
PAINT_LINE 133 671 133 680
PAINT_LINE 135 448 135 457
PAINT_LINE 138 463 138 472
PAINT_LINE 140 108 140 117
PAINT_LINE 142 195 142 204
PAINT_LINE 142 645 142 654
PAINT_LINE 143 95 143 104
PAINT_LINE 143 408 143 417
PAINT_LINE 144 120 144 129
PAINT_LINE 150 374 150 383
PAINT_LINE 152 391 152 400
PAINT_LINE 157 583 157 592
PAINT_LINE 52 473 52 482
PAINT_LINE 53 593 53 602
PAINT_LINE 54 26 54 35
PAINT_LINE 57 361 57 370
PAINT_LINE 65 578 65 587
PAINT_LINE 72 223 72 232
PAINT_LINE 76 568 76 577
PAINT_LINE 88 780 88 789
PAINT_LINE 90 776 90 785
PAINT_LINE 96 46 96 55
PAINT_LINE 111 72 111 81
PAINT_LINE 153 61 153 70
PAINT_LINE 18 661 27 661
PAINT_LINE 18 662 27 662
PAINT_LINE 54 201 63 201
PAINT_LINE 61 447 70 447
PAINT_LINE 62 458 71 458
PAINT_LINE 90 643 99 643
PAINT_LINE 94 214 103 214
PAINT_LINE 98 216 107 216
PAINT_LINE 106 219 115 219
PAINT_LINE 109 63 118 63
PAINT_LINE 112 230 121 230
PAINT_LINE 116 55 125 55
PAINT_LINE 118 70 127 70
PAINT_LINE 121 171 130 171
PAINT_LINE 127 59 136 59
PAINT_LINE 144 505 153 505
PAINT_LINE 146 489 155 489
PAINT_LINE 148 250 157 250
PAINT_LINE 148 576 157 576
PAINT_LINE 36 65 45 65
PAINT_LINE 36 66 45 66
PAINT_LINE 40 33 49 33
PAINT_LINE 42 6 51 6
PAINT_LINE 110 123 119 123
PAINT_LINE 110 140 119 140
PAINT_LINE 122 494 131 494
PAINT_LINE 126 44 135 44
PAINT_LINE 139 230 148 230
PAINT_LINE 141 208 150 208
PAINT_LINE 143 73 152 73
PAINT_LINE 148 756 157 756
PAINT_SQUARE 1 741 1
PAINT_SQUARE 2 643 1
PAINT_SQUARE 3 788 1
PAINT_SQUARE 4 791 1
PAINT_SQUARE 8 609 1
PAINT_SQUARE 9 579 1
PAINT_SQUARE 10 517 1
PAINT_SQUARE 11 420 1
PAINT_SQUARE 11 454 1
PAINT_SQUARE 13 271 1
PAINT_SQUARE 17 52 1
PAINT_SQUARE 17 234 1
PAINT_SQUARE 18 139 1
PAINT_SQUARE 18 289 1
PAINT_SQUARE 18 316 1
PAINT_SQUARE 18 331 1
PAINT_SQUARE 19 109 1
PAINT_SQUARE 20 635 1
PAINT_SQUARE 22 630 1
PAINT_SQUARE 24 789 1
PAINT_SQUARE 25 625 1
PAINT_SQUARE 31 613 1
PAINT_SQUARE 31 656 1
PAINT_SQUARE 34 608 1
PAINT_SQUARE 35 765 1
PAINT_SQUARE 37 607 1
PAINT_SQUARE 39 649 1
PAINT_SQUARE 40 652 1
PAINT_SQUARE 42 71 1
PAINT_SQUARE 42 729 1
PAINT_SQUARE 43 47 1
PAINT_SQUARE 43 652 1
PAINT_SQUARE 43 781 1
PAINT_SQUARE 46 207 1
PAINT_SQUARE 47 217 1
PAINT_SQUARE 50 45 1
PAINT_SQUARE 52 31 1
PAINT_SQUARE 52 41 1
PAINT_SQUARE 54 479 1
PAINT_SQUARE 54 675 1
PAINT_SQUARE 55 595 1
PAINT_SQUARE 57 677 1
PAINT_SQUARE 59 324 1
PAINT_SQUARE 60 433 1
PAINT_SQUARE 60 680 1
PAINT_SQUARE 61 789 1
PAINT_SQUARE 62 360 1
PAINT_SQUARE 62 759 1
PAINT_SQUARE 63 434 1
PAINT_SQUARE 63 682 1
PAINT_SQUARE 64 23 1
PAINT_SQUARE 66 684 1
PAINT_SQUARE 67 24 1
PAINT_SQUARE 68 710 1
PAINT_SQUARE 69 293 1
PAINT_SQUARE 69 296 1
PAINT_SQUARE 70 687 1
PAINT_SQUARE 70 780 1
PAINT_SQUARE 71 442 1
PAINT_SQUARE 71 445 1
PAINT_SQUARE 71 712 1
PAINT_SQUARE 72 293 1
PAINT_SQUARE 72 690 1
PAINT_SQUARE 73 277 1
PAINT_SQUARE 73 324 1
PAINT_SQUARE 73 770 1
PAINT_SQUARE 73 782 1
PAINT_SQUARE 74 357 1
PAINT_SQUARE 74 431 1
PAINT_SQUARE 74 442 1
PAINT_SQUARE 74 461 1
PAINT_SQUARE 74 464 1
PAINT_SQUARE 74 570 1
PAINT_SQUARE 74 715 1
PAINT_SQUARE 75 400 1
PAINT_SQUARE 75 656 1
PAINT_SQUARE 75 692 1
PAINT_SQUARE 75 718 1
PAINT_SQUARE 76 28 1
PAINT_SQUARE 76 54 1
PAINT_SQUARE 78 694 1
PAINT_SQUARE 79 722 1
PAINT_SQUARE 80 735 1
PAINT_SQUARE 81 696 1
PAINT_SQUARE 82 768 1
PAINT_SQUARE 84 730 1
PAINT_SQUARE 85 699 1
PAINT_SQUARE 87 516 1
PAINT_SQUARE 87 763 1
PAINT_SQUARE 88 504 1
PAINT_SQUARE 88 701 1
PAINT_SQUARE 90 737 1
PAINT_SQUARE 91 115 1
PAINT_SQUARE 91 702 1
PAINT_SQUARE 92 783 1
PAINT_SQUARE 93 118 1
PAINT_SQUARE 95 229 1
PAINT_SQUARE 95 641 1
PAINT_SQUARE 96 221 1
PAINT_SQUARE 97 331 1
PAINT_SQUARE 98 51 1
PAINT_SQUARE 98 127 1
PAINT_SQUARE 98 212 1
PAINT_SQUARE 98 231 1
PAINT_SQUARE 99 223 1
PAINT_SQUARE 99 319 1
PAINT_SQUARE 99 406 1
PAINT_SQUARE 100 130 1
PAINT_SQUARE 100 331 1
PAINT_SQUARE 100 340 1
PAINT_SQUARE 100 390 1
PAINT_SQUARE 100 393 1
PAINT_SQUARE 101 109 1
PAINT_SQUARE 101 206 1
PAINT_SQUARE 101 294 1
PAINT_SQUARE 101 363 1
PAINT_SQUARE 101 374 1
PAINT_SQUARE 101 378 1
PAINT_SQUARE 102 6 1
PAINT_SQUARE 102 225 1
PAINT_SQUARE 102 306 1
PAINT_SQUARE 103 133 1
PAINT_SQUARE 103 749 1
PAINT_SQUARE 106 3 1
PAINT_SQUARE 106 134 1
PAINT_SQUARE 106 353 1
PAINT_SQUARE 107 244 1
PAINT_SQUARE 108 94 1
PAINT_SQUARE 108 137 1
PAINT_SQUARE 108 343 1
PAINT_SQUARE 110 97 1
PAINT_SQUARE 110 121 1
PAINT_SQUARE 110 246 1
PAINT_SQUARE 111 42 1
PAINT_SQUARE 111 138 1
PAINT_SQUARE 111 407 1
PAINT_SQUARE 112 314 1
PAINT_SQUARE 113 99 1
PAINT_SQUARE 114 320 1
PAINT_SQUARE 114 332 1
PAINT_SQUARE 114 407 1
PAINT_SQUARE 115 315 1
PAINT_SQUARE 115 371 1
PAINT_SQUARE 115 382 1
PAINT_SQUARE 115 425 1
PAINT_SQUARE 116 685 1
PAINT_SQUARE 117 67 1
PAINT_SQUARE 117 407 1
PAINT_SQUARE 117 632 1
PAINT_SQUARE 117 688 1
PAINT_SQUARE 118 691 1
PAINT_SQUARE 120 662 1
PAINT_SQUARE 120 694 1
PAINT_SQUARE 121 625 1
PAINT_SQUARE 122 140 1
PAINT_SQUARE 122 651 1
PAINT_SQUARE 123 169 1
PAINT_SQUARE 123 639 1
PAINT_SQUARE 123 696 1
PAINT_SQUARE 124 616 1
PAINT_SQUARE 124 699 1
PAINT_SQUARE 125 140 1
PAINT_SQUARE 126 64 1
PAINT_SQUARE 126 499 1
PAINT_SQUARE 127 701 1
PAINT_SQUARE 128 10 1
PAINT_SQUARE 128 418 1
PAINT_SQUARE 128 604 1
PAINT_SQUARE 128 646 1
PAINT_SQUARE 129 184 1
PAINT_SQUARE 129 369 1
PAINT_SQUARE 129 499 1
PAINT_SQUARE 130 375 1
PAINT_SQUARE 130 378 1
PAINT_SQUARE 130 676 1
PAINT_SQUARE 130 793 1
PAINT_SQUARE 131 42 1
PAINT_SQUARE 131 121 1
PAINT_SQUARE 131 139 1
PAINT_SQUARE 131 647 1
PAINT_SQUARE 132 393 1
PAINT_SQUARE 132 396 1
PAINT_SQUARE 132 689 1
PAINT_SQUARE 133 4 1
PAINT_SQUARE 134 137 1
PAINT_SQUARE 135 61 1
PAINT_SQUARE 136 134 1
PAINT_SQUARE 136 676 1
PAINT_SQUARE 138 62 1
PAINT_SQUARE 138 114 1
PAINT_SQUARE 138 528 1
PAINT_SQUARE 138 798 1
PAINT_SQUARE 139 673 1
PAINT_SQUARE 141 232 1
PAINT_SQUARE 142 16 1
PAINT_SQUARE 142 228 1
PAINT_SQUARE 142 485 1
PAINT_SQUARE 143 630 1
PAINT_SQUARE 143 709 1
PAINT_SQUARE 144 604 1
PAINT_SQUARE 145 675 1
PAINT_SQUARE 145 712 1
PAINT_SQUARE 146 592 1
PAINT_SQUARE 146 630 1
PAINT_SQUARE 146 797 1
PAINT_SQUARE 147 128 1
PAINT_SQUARE 147 540 1
PAINT_SQUARE 147 605 1
PAINT_SQUARE 147 716 1
PAINT_SQUARE 147 759 1
PAINT_SQUARE 148 213 1
PAINT_SQUARE 148 673 1
PAINT_SQUARE 148 719 1
PAINT_SQUARE 149 222 1
PAINT_SQUARE 149 543 1
PAINT_SQUARE 149 608 1
PAINT_SQUARE 151 646 1
PAINT_SQUARE 151 720 1
PAINT_SQUARE 152 222 1
PAINT_SQUARE 152 225 1
PAINT_SQUARE 152 611 1
PAINT_SQUARE 153 155 1
PAINT_SQUARE 153 789 1
PAINT_SQUARE 154 104 1
PAINT_SQUARE 154 578 1
PAINT_SQUARE 154 582 1
PAINT_SQUARE 156 128 1
PAINT_SQUARE 156 155 1
PAINT_SQUARE 156 229 1
PAINT_SQUARE 156 655 1
PAINT_SQUARE 100 233 1
PAINT_SQUARE 126 614 1
PAINT_SQUARE 130 12 1
PAINT_SQUARE 138 132 1
PAINT_SQUARE 140 64 1
PAINT_SQUARE 140 796 1
PAINT_SQUARE 144 487 1
PAINT_SQUARE 14 269 1
PAINT_SQUARE 43 731 1
PAINT_SQUARE 48 206 1
PAINT_SQUARE 52 44 1
PAINT_SQUARE 55 673 1
PAINT_SQUARE 75 783 1
PAINT_SQUARE 76 465 1
PAINT_SQUARE 77 52 1
PAINT_SQUARE 91 739 1
PAINT_SQUARE 101 407 1
PAINT_SQUARE 102 111 1
PAINT_SQUARE 141 672 1
PAINT_SQUARE 149 758 1
PAINT_SQUARE 10 519 1
PAINT_SQUARE 19 234 1
PAINT_SQUARE 24 791 1
PAINT_SQUARE 37 765 1
PAINT_SQUARE 47 219 1
PAINT_SQUARE 50 47 1
PAINT_SQUARE 56 479 1
PAINT_SQUARE 59 677 1
PAINT_SQUARE 68 686 1
PAINT_SQUARE 76 30 1
PAINT_SQUARE 83 698 1
PAINT_SQUARE 87 765 1
PAINT_SQUARE 91 704 1
PAINT_SQUARE 100 333 1
PAINT_SQUARE 102 331 1
PAINT_SQUARE 101 296 1
PAINT_SQUARE 101 365 1
PAINT_SQUARE 108 345 1
PAINT_SQUARE 112 316 1
PAINT_SQUARE 131 499 1
PAINT_SQUARE 148 592 1
PAINT_SQUARE 151 722 1
PAINT_SQUARE 2 742 1
PAINT_SQUARE 4 787 1
PAINT_SQUARE 5 792 1
PAINT_SQUARE 9 610 1
PAINT_SQUARE 10 578 1
PAINT_SQUARE 68 25 1
PAINT_SQUARE 73 689 1
PAINT_SQUARE 76 655 1
PAINT_SQUARE 85 731 1
PAINT_SQUARE 101 341 1
PAINT_SQUARE 103 5 1
PAINT_SQUARE 115 333 1
PAINT_SQUARE 116 426 1
PAINT_SQUARE 124 640 1
PAINT_SQUARE 126 141 1
PAINT_SQUARE 129 419 1
PAINT_SQUARE 129 603 1
PAINT_SQUARE 131 379 1
PAINT_SQUARE 132 120 1
PAINT_SQUARE 134 5 1
PAINT_SQUARE 138 675 1
PAINT_SQUARE 143 17 1
PAINT_SQUARE 146 714 1
PAINT_SQUARE 154 788 1
PAINT_LINE 0 441 0 449
PAINT_LINE 1 7 1 15
PAINT_LINE 1 701 1 709
PAINT_LINE 13 761 13 769
PAINT_LINE 19 738 19 746
PAINT_LINE 21 730 21 738
PAINT_LINE 26 710 26 718
PAINT_LINE 27 705 27 713
PAINT_LINE 31 248 31 256
PAINT_LINE 32 687 32 695
PAINT_LINE 36 671 36 679
PAINT_LINE 38 667 38 675
PAINT_LINE 64 722 64 730
PAINT_LINE 65 716 65 724
PAINT_LINE 66 713 66 721
PAINT_LINE 89 105 89 113
PAINT_LINE 96 91 96 99
PAINT_LINE 100 754 100 762
PAINT_LINE 101 692 101 700
PAINT_LINE 112 634 112 642
PAINT_LINE 113 390 113 398
PAINT_LINE 114 390 114 398
PAINT_LINE 115 634 115 642
PAINT_LINE 118 322 118 330
PAINT_LINE 120 109 120 117
PAINT_LINE 145 573 145 581
PAINT_LINE 149 391 149 399
PAINT_LINE 154 712 154 720
PAINT_LINE 157 217 157 225
PAINT_LINE 11 769 11 777
PAINT_LINE 16 768 16 776
PAINT_LINE 34 644 34 652
PAINT_LINE 42 222 42 230
PAINT_LINE 56 361 56 369
PAINT_LINE 61 589 61 597
PAINT_LINE 75 283 75 291
PAINT_LINE 98 19 98 27
PAINT_LINE 13 217 21 217
PAINT_LINE 62 384 70 384
PAINT_LINE 132 599 140 599
PAINT_LINE 149 183 157 183
PAINT_LINE 37 99 45 99
PAINT_LINE 59 472 67 472
PAINT_LINE 63 64 71 64
PAINT_LINE 111 141 119 141
PAINT_LINE 111 249 119 249
PAINT_LINE 114 102 122 102
PAINT_LINE 143 207 151 207
PAINT_LINE 147 227 155 227
PAINT_LINE 149 755 157 755
PAINT_LINE 2 29 2 36
PAINT_LINE 5 739 5 746
PAINT_LINE 10 638 10 645
PAINT_LINE 12 765 12 772
PAINT_LINE 15 754 15 761
PAINT_LINE 17 746 17 753
PAINT_LINE 18 638 18 645
PAINT_LINE 18 742 18 749
PAINT_LINE 22 230 22 237
PAINT_LINE 23 723 23 730
PAINT_LINE 25 715 25 722
PAINT_LINE 26 185 26 192
PAINT_LINE 34 531 34 538
PAINT_LINE 63 729 63 736
PAINT_LINE 68 720 68 727
PAINT_LINE 72 539 72 546
PAINT_LINE 83 56 83 63
PAINT_LINE 87 0 87 7
PAINT_LINE 98 99 98 106
PAINT_LINE 103 441 103 448
PAINT_LINE 105 82 105 89
PAINT_LINE 113 628 113 635
PAINT_LINE 114 346 114 353
PAINT_LINE 114 677 114 684
PAINT_LINE 116 666 116 673
PAINT_LINE 118 201 118 208
PAINT_LINE 119 194 119 201
PAINT_LINE 120 191 120 198
PAINT_LINE 120 629 120 636
PAINT_LINE 124 683 124 690
PAINT_LINE 128 193 128 200
PAINT_LINE 136 369 136 376
PAINT_LINE 138 362 138 369
PAINT_LINE 138 628 138 635
PAINT_LINE 143 122 143 129
PAINT_LINE 146 569 146 576
PAINT_LINE 151 376 151 383
PAINT_LINE 2 698 2 705
PAINT_LINE 57 350 57 357
PAINT_LINE 72 530 72 537
PAINT_LINE 78 760 78 767
PAINT_LINE 93 72 93 79
PAINT_LINE 99 17 99 24
PAINT_LINE 103 72 103 79
PAINT_LINE 125 204 125 211
PAINT_LINE 134 608 134 615
PAINT_LINE 146 650 146 657
PAINT_LINE 148 175 148 182
PAINT_LINE 152 58 152 65
PAINT_LINE 21 781 28 781
PAINT_LINE 62 374 69 374
PAINT_LINE 63 309 70 309
PAINT_LINE 97 215 104 215
PAINT_LINE 101 70 108 70
PAINT_LINE 101 217 108 217
PAINT_LINE 114 239 121 239
PAINT_LINE 116 231 123 231
PAINT_LINE 122 73 129 73
PAINT_LINE 133 70 140 70
PAINT_LINE 138 251 145 251
PAINT_LINE 139 217 146 217
PAINT_LINE 150 181 157 181
PAINT_LINE 150 490 157 490
PAINT_LINE 38 67 45 67
PAINT_LINE 38 82 45 82
PAINT_LINE 72 546 79 546
PAINT_LINE 73 84 80 84
PAINT_LINE 73 85 80 85
PAINT_LINE 109 248 116 248
PAINT_LINE 116 88 123 88
PAINT_LINE 120 123 127 123
PAINT_LINE 120 124 127 124
PAINT_LINE 133 696 140 696
PAINT_LINE 4 640 4 646
PAINT_LINE 4 664 4 670
PAINT_LINE 6 738 6 744
PAINT_LINE 9 246 9 252
PAINT_LINE 16 749 16 755
PAINT_LINE 20 249 20 255
PAINT_LINE 22 123 22 129
PAINT_LINE 22 153 22 159
PAINT_LINE 22 727 22 733
PAINT_LINE 23 227 23 233
PAINT_LINE 24 225 24 231
PAINT_LINE 24 346 24 352
PAINT_LINE 25 180 25 186
PAINT_LINE 25 304 25 310
PAINT_LINE 39 619 39 625
PAINT_LINE 46 11 46 17
PAINT_LINE 46 37 46 43
PAINT_LINE 49 58 49 64
PAINT_LINE 50 510 50 516
PAINT_LINE 73 600 73 606
PAINT_LINE 81 75 81 81
PAINT_LINE 82 0 82 6
PAINT_LINE 85 79 85 85
PAINT_LINE 90 22 90 28
PAINT_LINE 97 782 97 788
PAINT_LINE 100 644 100 650
PAINT_LINE 101 314 101 320
PAINT_LINE 106 85 106 91
PAINT_LINE 115 656 115 662
PAINT_LINE 115 664 115 670
PAINT_LINE 116 390 116 396
PAINT_LINE 117 412 117 418
PAINT_LINE 131 665 131 671
PAINT_LINE 132 84 132 90
PAINT_LINE 133 465 133 471
PAINT_LINE 134 391 134 397
PAINT_LINE 136 484 136 490
PAINT_LINE 137 458 137 464
PAINT_LINE 137 627 137 633
PAINT_LINE 139 703 139 709
PAINT_LINE 140 491 140 497
PAINT_LINE 141 198 141 204
PAINT_LINE 141 654 141 660
PAINT_LINE 142 101 142 107
PAINT_LINE 142 124 142 130
PAINT_LINE 142 414 142 420
PAINT_LINE 143 664 143 670
PAINT_LINE 149 633 149 639
PAINT_LINE 153 547 153 553
PAINT_LINE 154 613 154 619
PAINT_LINE 19 655 19 661
PAINT_LINE 35 601 35 607
PAINT_LINE 42 210 42 216
PAINT_LINE 43 34 43 40
PAINT_LINE 46 0 46 6
PAINT_LINE 50 0 50 6
PAINT_LINE 51 0 51 6
PAINT_LINE 52 593 52 599
PAINT_LINE 69 148 69 154
PAINT_LINE 73 771 73 777
PAINT_LINE 76 388 76 394
PAINT_LINE 85 780 85 786
PAINT_LINE 86 780 86 786
PAINT_LINE 90 108 90 114
PAINT_LINE 94 214 94 220
PAINT_LINE 99 7 99 13
PAINT_LINE 115 252 115 258
PAINT_LINE 121 655 121 661
PAINT_LINE 127 411 127 417
PAINT_LINE 130 669 130 675
PAINT_LINE 139 8 139 14
PAINT_LINE 141 206 141 212
PAINT_LINE 144 226 144 232
PAINT_LINE 148 24 148 30
PAINT_LINE 148 73 148 79
PAINT_LINE 153 562 153 568
PAINT_LINE 11 262 17 262
PAINT_LINE 14 218 20 218
PAINT_LINE 15 357 21 357
PAINT_LINE 21 663 27 663
PAINT_LINE 51 574 57 574
PAINT_LINE 56 302 62 302
PAINT_LINE 76 497 82 497
PAINT_LINE 76 498 82 498
PAINT_LINE 111 409 117 409
PAINT_LINE 115 48 121 48
PAINT_LINE 119 489 125 489
PAINT_LINE 129 698 135 698
PAINT_LINE 144 559 150 559
PAINT_LINE 145 558 151 558
PAINT_LINE 148 659 154 659
PAINT_LINE 66 61 72 61
PAINT_LINE 69 284 75 284
PAINT_LINE 77 749 83 749
PAINT_LINE 103 235 109 235
PAINT_LINE 125 799 131 799
PAINT_LINE 128 489 134 489
PAINT_LINE 129 48 135 48
PAINT_LINE 148 217 154 217
PAINT_LINE 151 754 157 754
PAINT_LINE 0 753 0 758
PAINT_LINE 4 407 4 412
PAINT_LINE 4 484 4 489
PAINT_LINE 4 516 4 521
PAINT_LINE 6 667 6 672
PAINT_LINE 9 268 9 273
PAINT_LINE 14 101 14 106
PAINT_LINE 15 159 15 164
PAINT_LINE 15 765 15 770
PAINT_LINE 22 650 22 655
PAINT_LINE 28 618 28 623
PAINT_LINE 29 657 29 662
PAINT_LINE 30 661 30 666
PAINT_LINE 33 533 33 538
PAINT_LINE 41 612 41 617
PAINT_LINE 47 62 47 67
PAINT_LINE 50 88 50 93
PAINT_LINE 61 57 61 62
PAINT_LINE 63 788 63 793
PAINT_LINE 65 591 65 596
PAINT_LINE 74 76 74 81
PAINT_LINE 74 761 74 766
PAINT_LINE 77 730 77 735
PAINT_LINE 80 75 80 80
PAINT_LINE 84 72 84 77
PAINT_LINE 87 62 87 67
PAINT_LINE 90 756 90 761
PAINT_LINE 93 771 93 776
PAINT_LINE 94 749 94 754
PAINT_LINE 95 674 95 679
PAINT_LINE 96 408 96 413
PAINT_LINE 96 773 96 778
PAINT_LINE 98 418 98 423
PAINT_LINE 98 702 98 707
PAINT_LINE 98 754 98 759
PAINT_LINE 102 755 102 760
PAINT_LINE 103 414 103 419
PAINT_LINE 104 287 104 292
PAINT_LINE 110 262 110 267
PAINT_LINE 110 323 110 328
PAINT_LINE 111 326 111 331
PAINT_LINE 114 625 114 630
PAINT_LINE 116 346 116 351
PAINT_LINE 117 494 117 499
PAINT_LINE 120 678 120 683
PAINT_LINE 121 634 121 639
PAINT_LINE 122 617 122 622
PAINT_LINE 123 682 123 687
PAINT_LINE 123 789 123 794
PAINT_LINE 125 406 125 411
PAINT_LINE 125 686 125 691
PAINT_LINE 129 90 129 95
PAINT_LINE 132 771 132 776
PAINT_LINE 138 403 138 408
PAINT_LINE 141 415 141 420
PAINT_LINE 143 148 143 153
PAINT_LINE 144 367 144 372
PAINT_LINE 144 662 144 667
PAINT_LINE 148 380 148 385
PAINT_LINE 148 623 148 628
PAINT_LINE 148 636 148 641
PAINT_LINE 149 153 149 158
PAINT_LINE 151 392 151 397
PAINT_LINE 153 374 153 379
PAINT_LINE 154 622 154 627
PAINT_LINE 154 635 154 640
PAINT_LINE 155 552 155 557
PAINT_LINE 156 583 156 588
PAINT_LINE 157 619 157 624
PAINT_LINE 11 261 11 266
PAINT_LINE 30 614 30 619
PAINT_LINE 44 782 44 787
PAINT_LINE 58 557 58 562
PAINT_LINE 59 501 59 506
PAINT_LINE 63 760 63 765
PAINT_LINE 68 578 68 583
PAINT_LINE 70 568 70 573
PAINT_LINE 70 781 70 786
PAINT_LINE 71 223 71 228
PAINT_LINE 74 271 74 276
PAINT_LINE 74 501 74 506
PAINT_LINE 74 771 74 776
PAINT_LINE 76 401 76 406
PAINT_LINE 78 783 78 788
PAINT_LINE 79 783 79 788
PAINT_LINE 83 479 83 484
PAINT_LINE 94 223 94 228
PAINT_LINE 102 72 102 77
PAINT_LINE 110 72 110 77
PAINT_LINE 121 503 121 508
PAINT_LINE 127 794 127 799
PAINT_LINE 128 73 128 78
PAINT_LINE 128 185 128 190
PAINT_LINE 129 670 129 675
PAINT_LINE 139 126 139 131
PAINT_LINE 142 666 142 671
PAINT_LINE 147 21 147 26
PAINT_LINE 147 652 147 657
PAINT_LINE 149 615 149 620
PAINT_LINE 151 58 151 63
PAINT_LINE 151 794 151 799
PAINT_LINE 153 612 153 617
PAINT_LINE 157 571 157 576
PAINT_LINE 16 175 21 175
PAINT_LINE 65 457 70 457
PAINT_LINE 66 554 71 554
PAINT_LINE 89 794 94 794
PAINT_LINE 94 70 99 70
PAINT_LINE 119 222 124 222
PAINT_LINE 126 657 131 657
PAINT_LINE 130 210 135 210
PAINT_LINE 141 250 146 250
PAINT_LINE 143 612 148 612
PAINT_LINE 147 508 152 508
PAINT_LINE 31 80 36 80
PAINT_LINE 51 481 56 481
PAINT_LINE 59 473 64 473
PAINT_LINE 62 63 67 63
PAINT_LINE 69 31 74 31
PAINT_LINE 71 433 76 433
PAINT_LINE 71 557 76 557
PAINT_LINE 71 744 76 744
PAINT_LINE 76 748 81 748
PAINT_LINE 80 520 85 520
PAINT_LINE 91 20 96 20
PAINT_LINE 99 50 104 50
PAINT_LINE 103 226 108 226
PAINT_LINE 107 2 112 2
PAINT_LINE 114 142 119 142
PAINT_LINE 115 100 120 100
PAINT_LINE 118 67 123 67
PAINT_LINE 120 63 125 63
PAINT_LINE 122 491 127 491
PAINT_LINE 129 60 134 60
PAINT_LINE 130 506 135 506
PAINT_LINE 131 14 136 14
PAINT_LINE 135 695 140 695
PAINT_LINE 1 751 1 755
PAINT_LINE 2 2 2 6
PAINT_LINE 2 748 2 752
PAINT_LINE 3 34 3 38
PAINT_LINE 3 746 3 750
PAINT_LINE 4 39 4 43
PAINT_LINE 4 452 4 456
PAINT_LINE 6 406 6 410
PAINT_LINE 7 407 7 411
PAINT_LINE 9 637 9 641
PAINT_LINE 10 209 10 213
PAINT_LINE 11 211 11 215
PAINT_LINE 11 303 11 307
PAINT_LINE 12 306 12 310
PAINT_LINE 13 131 13 135
PAINT_LINE 14 133 14 137
PAINT_LINE 21 651 21 655
PAINT_LINE 23 129 23 133
PAINT_LINE 23 243 23 247
PAINT_LINE 25 243 25 247
PAINT_LINE 25 251 25 255
PAINT_LINE 29 618 29 622
PAINT_LINE 44 37 44 41
PAINT_LINE 54 150 54 154
PAINT_LINE 60 778 60 782
PAINT_LINE 61 766 61 770
PAINT_LINE 63 768 63 772
PAINT_LINE 64 770 64 774
PAINT_LINE 65 771 65 775
PAINT_LINE 68 737 68 741
PAINT_LINE 69 738 69 742
PAINT_LINE 69 764 69 768
PAINT_LINE 78 662 78 666
PAINT_LINE 79 661 79 665
PAINT_LINE 86 751 86 755
PAINT_LINE 87 752 87 756
PAINT_LINE 90 58 90 62
PAINT_LINE 95 32 95 36
PAINT_LINE 95 52 95 56
PAINT_LINE 95 120 95 124
PAINT_LINE 95 751 95 755
PAINT_LINE 96 673 96 677
PAINT_LINE 96 784 96 788
PAINT_LINE 98 284 98 288
PAINT_LINE 99 104 99 108
PAINT_LINE 100 698 100 702
PAINT_LINE 102 443 102 447
PAINT_LINE 103 756 103 760
PAINT_LINE 104 112 104 116
PAINT_LINE 105 114 105 118
PAINT_LINE 106 115 106 119
PAINT_LINE 112 79 112 83
PAINT_LINE 112 328 112 332
PAINT_LINE 113 258 113 262
PAINT_LINE 115 622 115 626
PAINT_LINE 116 620 116 624
PAINT_LINE 117 618 117 622
PAINT_LINE 118 615 118 619
PAINT_LINE 119 613 119 617
PAINT_LINE 121 679 121 683
PAINT_LINE 123 667 123 671
PAINT_LINE 128 379 128 383
PAINT_LINE 130 90 130 94
PAINT_LINE 130 680 130 684
PAINT_LINE 131 773 131 777
PAINT_LINE 133 613 133 617
PAINT_LINE 133 770 133 774
PAINT_LINE 134 497 134 501
PAINT_LINE 134 653 134 657
PAINT_LINE 137 404 137 408
PAINT_LINE 137 640 137 644
PAINT_LINE 140 198 140 202
PAINT_LINE 142 406 142 410
PAINT_LINE 142 523 142 527
PAINT_LINE 143 760 143 764
PAINT_LINE 143 771 143 775
PAINT_LINE 144 551 144 555
PAINT_LINE 145 643 145 647
PAINT_LINE 146 99 146 103
PAINT_LINE 146 221 146 225
PAINT_LINE 146 637 146 641
PAINT_LINE 149 646 149 650
PAINT_LINE 152 125 152 129
PAINT_LINE 152 545 152 549
PAINT_LINE 153 381 153 385
PAINT_LINE 153 632 153 636
PAINT_LINE 153 642 153 646
PAINT_LINE 153 718 153 722
PAINT_LINE 155 623 155 627
PAINT_LINE 157 627 157 631
PAINT_LINE 157 709 157 713
PAINT_LINE 3 698 3 702
PAINT_LINE 10 773 10 777
PAINT_LINE 15 262 15 266
PAINT_LINE 17 262 17 266
PAINT_LINE 19 636 19 640
PAINT_LINE 24 626 24 630
PAINT_LINE 24 792 24 796
PAINT_LINE 32 651 32 655
PAINT_LINE 33 773 33 777
PAINT_LINE 41 212 41 216
PAINT_LINE 41 646 41 650
PAINT_LINE 48 2 48 6
PAINT_LINE 49 215 49 219
PAINT_LINE 50 495 50 499
PAINT_LINE 51 570 51 574
PAINT_LINE 51 593 51 597
PAINT_LINE 57 593 57 597
PAINT_LINE 58 462 58 466
PAINT_LINE 60 395 60 399
PAINT_LINE 68 218 68 222
PAINT_LINE 68 705 68 709
PAINT_LINE 70 206 70 210
PAINT_LINE 72 13 72 17
PAINT_LINE 72 777 72 781
PAINT_LINE 74 473 74 477
PAINT_LINE 75 352 75 356
PAINT_LINE 75 426 75 430
PAINT_LINE 75 784 75 788
PAINT_LINE 76 784 76 788
PAINT_LINE 78 80 78 84
PAINT_LINE 80 723 80 727
PAINT_LINE 89 499 89 503
PAINT_LINE 93 785 93 789
PAINT_LINE 98 9 98 13
PAINT_LINE 98 641 98 645
PAINT_LINE 99 643 99 647
PAINT_LINE 102 744 102 748
PAINT_LINE 103 744 103 748
PAINT_LINE 107 89 107 93
PAINT_LINE 115 377 115 381
PAINT_LINE 120 502 120 506
PAINT_LINE 120 689 120 693
PAINT_LINE 124 2 124 6
PAINT_LINE 126 653 126 657
PAINT_LINE 127 641 127 645
PAINT_LINE 128 702 128 706
PAINT_LINE 129 185 129 189
PAINT_LINE 131 677 131 681
PAINT_LINE 131 794 131 798
PAINT_LINE 133 684 133 688
PAINT_LINE 135 609 135 613
PAINT_LINE 139 18 139 22
PAINT_LINE 139 109 139 113
PAINT_LINE 140 10 140 14
PAINT_LINE 142 704 142 708
PAINT_LINE 144 66 144 70
PAINT_LINE 145 30 145 34
PAINT_LINE 145 38 145 42
PAINT_LINE 147 53 147 57
PAINT_LINE 147 179 147 183
PAINT_LINE 147 625 147 629
PAINT_LINE 148 612 148 616
PAINT_LINE 149 26 149 30
PAINT_LINE 149 653 149 657
PAINT_LINE 150 177 150 181
PAINT_LINE 151 211 151 215
PAINT_LINE 151 641 151 645
PAINT_LINE 16 68 20 68
PAINT_LINE 16 79 20 79
PAINT_LINE 16 121 20 121
PAINT_LINE 16 165 20 165
PAINT_LINE 16 358 20 358
PAINT_LINE 21 664 25 664
PAINT_LINE 38 545 42 545
PAINT_LINE 55 200 59 200
PAINT_LINE 63 664 67 664
PAINT_LINE 64 308 68 308
PAINT_LINE 64 448 68 448
PAINT_LINE 70 659 74 659
PAINT_LINE 71 658 75 658
PAINT_LINE 80 650 84 650
PAINT_LINE 83 648 87 648
PAINT_LINE 84 647 88 647
PAINT_LINE 87 645 91 645
PAINT_LINE 88 644 92 644
PAINT_LINE 105 59 109 59
PAINT_LINE 106 58 110 58
PAINT_LINE 108 64 112 64
PAINT_LINE 119 215 123 215
PAINT_LINE 119 232 123 232
PAINT_LINE 121 68 125 68
PAINT_LINE 128 256 132 256
PAINT_LINE 136 608 140 608
PAINT_LINE 142 632 146 632
PAINT_LINE 144 206 148 206
PAINT_LINE 148 412 152 412
PAINT_LINE 153 663 157 663
PAINT_LINE 8 644 12 644
PAINT_LINE 19 290 23 290
PAINT_LINE 19 637 23 637
PAINT_LINE 57 787 61 787
PAINT_LINE 58 17 62 17
PAINT_LINE 58 19 62 19
PAINT_LINE 63 545 67 545
PAINT_LINE 64 204 68 204
PAINT_LINE 67 361 71 361
PAINT_LINE 70 386 74 386
PAINT_LINE 71 556 75 556
PAINT_LINE 72 752 76 752
PAINT_LINE 73 745 77 745
PAINT_LINE 80 750 84 750
PAINT_LINE 97 306 101 306
PAINT_LINE 112 139 116 139
PAINT_LINE 113 253 117 253
PAINT_LINE 114 384 118 384
PAINT_LINE 115 124 119 124
PAINT_LINE 120 142 124 142
PAINT_LINE 121 508 125 508
PAINT_LINE 125 98 129 98
PAINT_LINE 127 65 131 65
PAINT_LINE 128 658 132 658
PAINT_LINE 130 608 134 608
PAINT_LINE 131 508 135 508
PAINT_LINE 135 709 139 709
PAINT_LINE 138 51 142 51
PAINT_LINE 138 765 142 765
PAINT_LINE 144 249 148 249
PAINT_LINE 151 799 155 799
PAINT_LINE 1 519 1 522
PAINT_LINE 2 417 2 420
PAINT_LINE 3 409 3 412
PAINT_LINE 5 41 5 44
PAINT_LINE 5 695 5 698
PAINT_LINE 6 416 6 419
PAINT_LINE 6 452 6 455
PAINT_LINE 7 666 7 669
PAINT_LINE 8 206 8 209
PAINT_LINE 11 485 11 488
PAINT_LINE 12 350 12 353
PAINT_LINE 13 125 13 128
PAINT_LINE 15 69 15 72
PAINT_LINE 15 74 15 77
PAINT_LINE 17 256 17 259
PAINT_LINE 18 263 18 266
PAINT_LINE 21 122 21 125
PAINT_LINE 21 246 21 249
PAINT_LINE 22 133 22 136
PAINT_LINE 24 295 24 298
PAINT_LINE 25 207 25 210
PAINT_LINE 25 235 25 238
PAINT_LINE 25 343 25 346
PAINT_LINE 26 227 26 230
PAINT_LINE 27 230 27 233
PAINT_LINE 28 40 28 43
PAINT_LINE 33 649 33 652
PAINT_LINE 33 657 33 660
PAINT_LINE 35 612 35 615
PAINT_LINE 38 636 38 639
PAINT_LINE 39 637 39 640
PAINT_LINE 41 781 41 784
PAINT_LINE 57 669 57 672
PAINT_LINE 59 568 59 571
PAINT_LINE 62 781 62 784
PAINT_LINE 63 741 63 744
PAINT_LINE 64 673 64 676
PAINT_LINE 64 742 64 745
PAINT_LINE 65 761 65 764
PAINT_LINE 66 734 66 737
PAINT_LINE 66 751 66 754
PAINT_LINE 66 761 66 764
PAINT_LINE 67 744 67 747
PAINT_LINE 67 753 67 756
PAINT_LINE 68 151 68 154
PAINT_LINE 68 776 68 779
PAINT_LINE 70 0 70 3
PAINT_LINE 70 757 70 760
PAINT_LINE 70 766 70 769
PAINT_LINE 71 725 71 728
PAINT_LINE 71 748 71 751
PAINT_LINE 71 767 71 770
PAINT_LINE 75 673 75 676
PAINT_LINE 78 652 78 655
PAINT_LINE 78 732 78 735
PAINT_LINE 79 651 79 654
PAINT_LINE 84 64 84 67
PAINT_LINE 86 742 86 745
PAINT_LINE 87 34 87 37
PAINT_LINE 88 62 88 65
PAINT_LINE 89 27 89 30
PAINT_LINE 89 746 89 749
PAINT_LINE 91 57 91 60
PAINT_LINE 92 56 92 59
PAINT_LINE 93 55 93 58
PAINT_LINE 94 54 94 57
PAINT_LINE 95 684 95 687
PAINT_LINE 95 694 95 697
PAINT_LINE 95 742 95 745
PAINT_LINE 96 122 96 125
PAINT_LINE 96 307 96 310
PAINT_LINE 96 743 96 746
PAINT_LINE 97 284 97 287
PAINT_LINE 97 350 97 353
PAINT_LINE 97 776 97 779
PAINT_LINE 98 350 98 353
PAINT_LINE 99 420 99 423
PAINT_LINE 99 701 99 704
PAINT_LINE 99 744 99 747
PAINT_LINE 99 777 99 780
PAINT_LINE 100 18 100 21
PAINT_LINE 100 745 100 748
PAINT_LINE 100 768 100 771
PAINT_LINE 101 238 101 241
PAINT_LINE 102 389 102 392
PAINT_LINE 104 240 104 243
PAINT_LINE 105 241 105 244
PAINT_LINE 107 117 107 120
PAINT_LINE 107 437 107 440
PAINT_LINE 108 118 108 121
PAINT_LINE 111 359 111 362
PAINT_LINE 113 82 113 85
PAINT_LINE 113 347 113 350
PAINT_LINE 114 83 114 86
PAINT_LINE 114 257 114 260
PAINT_LINE 116 319 116 322
PAINT_LINE 116 412 116 415
PAINT_LINE 116 655 116 658
PAINT_LINE 117 314 117 317
PAINT_LINE 117 652 117 655
PAINT_LINE 119 498 119 501
PAINT_LINE 120 147 120 150
PAINT_LINE 120 612 120 615
PAINT_LINE 121 611 121 614
PAINT_LINE 121 673 121 676
PAINT_LINE 122 794 122 797
PAINT_LINE 126 604 126 607
PAINT_LINE 126 781 126 784
PAINT_LINE 127 78 127 81
PAINT_LINE 127 780 127 783
PAINT_LINE 128 610 128 613
PAINT_LINE 130 775 130 778
PAINT_LINE 131 88 131 91
PAINT_LINE 132 372 132 375
PAINT_LINE 132 616 132 619
PAINT_LINE 133 410 133 413
PAINT_LINE 134 117 134 120
PAINT_LINE 134 769 134 772
PAINT_LINE 135 116 135 119
PAINT_LINE 137 483 137 486
PAINT_LINE 138 482 138 485
PAINT_LINE 138 644 138 647
PAINT_LINE 139 490 139 493
PAINT_LINE 141 374 141 377
PAINT_LINE 141 643 141 646
PAINT_LINE 141 680 141 683
PAINT_LINE 142 64 142 67
PAINT_LINE 142 640 142 643
PAINT_LINE 142 678 142 681
PAINT_LINE 143 65 143 68
PAINT_LINE 143 197 143 200
PAINT_LINE 144 648 144 651
PAINT_LINE 144 792 144 795
PAINT_LINE 146 152 146 155
PAINT_LINE 147 151 147 154
PAINT_LINE 147 157 147 160
PAINT_LINE 147 408 147 411
PAINT_LINE 150 631 150 634
PAINT_LINE 150 667 150 670
PAINT_LINE 151 587 151 590
PAINT_LINE 152 552 152 555
PAINT_LINE 152 585 152 588
PAINT_LINE 153 408 153 411
PAINT_LINE 154 551 154 554
PAINT_LINE 155 616 155 619
PAINT_LINE 155 648 155 651
PAINT_LINE 155 711 155 714
PAINT_LINE 9 611 9 614
PAINT_LINE 9 643 9 646
PAINT_LINE 12 259 12 262
PAINT_LINE 13 272 13 275
PAINT_LINE 18 78 18 81
PAINT_LINE 20 658 20 661
PAINT_LINE 22 636 22 639
PAINT_LINE 23 792 23 795
PAINT_LINE 33 609 33 612
PAINT_LINE 34 541 34 544
PAINT_LINE 36 644 36 647
PAINT_LINE 37 645 37 648
PAINT_LINE 40 67 40 70
PAINT_LINE 42 34 42 37
PAINT_LINE 43 222 43 225
PAINT_LINE 44 647 44 650
PAINT_LINE 44 727 44 730
PAINT_LINE 51 478 51 481
PAINT_LINE 53 27 53 30
PAINT_LINE 53 564 53 567
PAINT_LINE 56 559 56 562
PAINT_LINE 57 463 57 466
PAINT_LINE 57 605 57 608
PAINT_LINE 58 325 58 328
PAINT_LINE 58 354 58 357
PAINT_LINE 60 473 60 476
PAINT_LINE 60 594 60 597
PAINT_LINE 61 395 61 398
PAINT_LINE 61 565 61 568
PAINT_LINE 67 706 67 709
PAINT_LINE 70 223 70 226
PAINT_LINE 71 207 71 210
PAINT_LINE 71 781 71 784
PAINT_LINE 72 28 72 31
PAINT_LINE 72 54 72 57
PAINT_LINE 73 273 73 276
PAINT_LINE 73 473 73 476
PAINT_LINE 73 503 73 506
PAINT_LINE 75 571 75 574
PAINT_LINE 75 752 75 755
PAINT_LINE 76 24 76 27
PAINT_LINE 76 461 76 464
PAINT_LINE 77 24 77 27
PAINT_LINE 79 723 79 726
PAINT_LINE 80 650 80 653
PAINT_LINE 83 726 83 729
PAINT_LINE 83 769 83 772
PAINT_LINE 84 784 84 787
PAINT_LINE 89 514 89 517
PAINT_LINE 91 20 91 23
PAINT_LINE 92 19 92 22
PAINT_LINE 92 740 92 743
PAINT_LINE 92 785 92 788
PAINT_LINE 93 18 93 21
PAINT_LINE 94 119 94 122
PAINT_LINE 95 212 95 215
PAINT_LINE 97 123 97 126
PAINT_LINE 97 640 97 643
PAINT_LINE 98 305 98 308
PAINT_LINE 100 211 100 214
PAINT_LINE 100 342 100 345
PAINT_LINE 102 379 102 382
PAINT_LINE 108 351 108 354
PAINT_LINE 114 68 114 71
PAINT_LINE 115 681 115 684
PAINT_LINE 116 378 116 381
PAINT_LINE 117 207 117 210
PAINT_LINE 117 422 117 425
PAINT_LINE 119 65 119 68
PAINT_LINE 119 687 119 690
PAINT_LINE 120 87 120 90
PAINT_LINE 127 654 127 657
PAINT_LINE 129 609 129 612
PAINT_LINE 129 789 129 792
PAINT_LINE 130 415 130 418
PAINT_LINE 132 648 132 651
PAINT_LINE 133 67 133 70
PAINT_LINE 138 18 138 21
PAINT_LINE 139 697 139 700
PAINT_LINE 140 526 140 529
PAINT_LINE 140 763 140 766
PAINT_LINE 141 12 141 15
PAINT_LINE 141 217 141 220
PAINT_LINE 141 762 141 765
PAINT_LINE 142 25 142 28
PAINT_LINE 144 30 144 33
PAINT_LINE 145 67 145 70
PAINT_LINE 145 555 145 558
PAINT_LINE 146 53 146 56
PAINT_LINE 146 610 146 613
PAINT_LINE 148 226 148 229
PAINT_LINE 149 208 149 211
PAINT_LINE 149 539 149 542
PAINT_LINE 149 568 149 571
PAINT_LINE 149 669 149 672
PAINT_LINE 150 654 150 657
PAINT_LINE 151 204 151 207
PAINT_LINE 152 212 152 215
PAINT_LINE 156 574 156 577
PAINT_LINE 157 207 157 210
PAINT_LINE 12 216 15 216
PAINT_LINE 19 176 22 176
PAINT_LINE 19 356 22 356
PAINT_LINE 37 98 40 98
PAINT_LINE 59 611 62 611
PAINT_LINE 61 146 64 146
PAINT_LINE 61 666 64 666
PAINT_LINE 62 665 65 665
PAINT_LINE 68 661 71 661
PAINT_LINE 69 660 72 660
PAINT_LINE 82 649 85 649
PAINT_LINE 86 646 89 646
PAINT_LINE 99 395 102 395
PAINT_LINE 104 60 107 60
PAINT_LINE 107 230 110 230
PAINT_LINE 114 58 117 58
PAINT_LINE 122 100 125 100
PAINT_LINE 123 69 126 69
PAINT_LINE 125 506 128 506
PAINT_LINE 126 164 129 164
PAINT_LINE 126 165 129 165
PAINT_LINE 129 66 132 66
PAINT_LINE 136 598 139 598
PAINT_LINE 140 573 143 573
PAINT_LINE 154 244 157 244
PAINT_LINE 154 508 157 508
PAINT_LINE 9 487 12 487
PAINT_LINE 13 52 16 52
PAINT_LINE 14 331 17 331
PAINT_LINE 14 332 17 332
PAINT_LINE 18 51 21 51
PAINT_LINE 19 289 22 289
PAINT_LINE 19 315 22 315
PAINT_LINE 26 660 29 660
PAINT_LINE 31 776 34 776
PAINT_LINE 35 609 38 609
PAINT_LINE 39 46 42 46
PAINT_LINE 39 47 42 47
PAINT_LINE 39 69 42 69
PAINT_LINE 40 646 43 646
PAINT_LINE 44 35 47 35
PAINT_LINE 51 33 54 33
PAINT_LINE 51 35 54 35
PAINT_LINE 57 669 60 669
PAINT_LINE 57 786 60 786
PAINT_LINE 58 435 61 435
PAINT_LINE 59 505 62 505
PAINT_LINE 64 203 67 203
PAINT_LINE 65 219 68 219
PAINT_LINE 67 85 70 85
PAINT_LINE 67 298 70 298
PAINT_LINE 68 396 71 396
PAINT_LINE 69 323 72 323
PAINT_LINE 70 372 73 372
PAINT_LINE 70 714 73 714
PAINT_LINE 71 743 74 743
PAINT_LINE 71 761 74 761
PAINT_LINE 75 746 78 746
PAINT_LINE 76 720 79 720
PAINT_LINE 76 747 79 747
PAINT_LINE 77 86 80 86
PAINT_LINE 78 762 81 762
PAINT_LINE 80 521 83 521
PAINT_LINE 81 505 84 505
PAINT_LINE 85 518 88 518
PAINT_LINE 85 772 88 772
PAINT_LINE 87 703 90 703
PAINT_LINE 91 642 94 642
PAINT_LINE 94 223 97 223
PAINT_LINE 94 764 97 764
PAINT_LINE 96 53 99 53
PAINT_LINE 96 404 99 404
PAINT_LINE 99 51 102 51
PAINT_LINE 99 73 102 73
PAINT_LINE 102 207 105 207
PAINT_LINE 103 234 106 234
PAINT_LINE 104 136 107 136
PAINT_LINE 111 70 114 70
PAINT_LINE 111 122 114 122
PAINT_LINE 113 254 116 254
PAINT_LINE 115 634 118 634
PAINT_LINE 125 616 128 616
PAINT_LINE 127 43 130 43
PAINT_LINE 128 702 131 702
PAINT_LINE 131 486 134 486
PAINT_LINE 131 708 134 708
PAINT_LINE 132 49 135 49
PAINT_LINE 132 505 135 505
PAINT_LINE 134 678 137 678
PAINT_LINE 137 766 140 766
PAINT_LINE 140 603 143 603
PAINT_LINE 141 209 144 209
PAINT_LINE 141 210 144 210
PAINT_LINE 142 574 145 574
PAINT_LINE 143 539 146 539
PAINT_LINE 143 761 146 761
PAINT_LINE 143 799 146 799
PAINT_LINE 144 611 147 611
PAINT_LINE 145 248 148 248
PAINT_LINE 145 488 148 488
PAINT_LINE 145 607 148 607
PAINT_LINE 146 228 149 228
PAINT_LINE 146 575 149 575
PAINT_LINE 147 648 150 648
PAINT_LINE 147 796 150 796
PAINT_LINE 149 789 152 789
PAINT_LINE 150 757 153 757
PAINT_LINE 150 758 153 758
PAINT_LINE 154 557 157 557
PAINT_LINE 0 453 0 455
PAINT_LINE 0 513 0 515
PAINT_LINE 1 552 1 554
PAINT_LINE 1 557 1 559
PAINT_LINE 3 0 3 2
PAINT_LINE 3 517 3 519
PAINT_LINE 3 666 3 668
PAINT_LINE 4 419 4 421
PAINT_LINE 6 44 6 46
PAINT_LINE 6 516 6 518
PAINT_LINE 6 547 6 549
PAINT_LINE 6 577 6 579
PAINT_LINE 6 609 6 611
PAINT_LINE 7 45 7 47
PAINT_LINE 7 282 7 284
PAINT_LINE 8 46 8 48
PAINT_LINE 8 666 8 668
PAINT_LINE 9 180 9 182
PAINT_LINE 9 208 9 210
PAINT_LINE 10 179 10 181
PAINT_LINE 10 547 10 549
PAINT_LINE 11 177 11 179
PAINT_LINE 11 348 11 350
PAINT_LINE 12 176 12 178
PAINT_LINE 12 275 12 277
PAINT_LINE 13 310 13 312
PAINT_LINE 13 333 13 335
PAINT_LINE 13 353 13 355
PAINT_LINE 14 123 14 125
PAINT_LINE 14 290 14 292
PAINT_LINE 14 312 14 314
PAINT_LINE 15 94 15 96
PAINT_LINE 15 136 15 138
PAINT_LINE 15 234 15 236
PAINT_LINE 15 313 15 315
PAINT_LINE 16 92 16 94
PAINT_LINE 16 137 16 139
PAINT_LINE 16 314 16 316
PAINT_LINE 16 641 16 643
PAINT_LINE 16 649 16 651
PAINT_LINE 16 654 16 656
PAINT_LINE 17 91 17 93
PAINT_LINE 18 255 18 257
PAINT_LINE 18 633 18 635
PAINT_LINE 20 137 20 139
PAINT_LINE 20 330 20 332
PAINT_LINE 20 628 20 630
PAINT_LINE 21 69 21 71
PAINT_LINE 21 75 21 77
PAINT_LINE 21 136 21 138
PAINT_LINE 21 152 21 154
PAINT_LINE 21 162 21 164
PAINT_LINE 21 262 21 264
PAINT_LINE 22 95 22 97
PAINT_LINE 22 261 22 263
PAINT_LINE 23 213 23 215
PAINT_LINE 23 237 23 239
PAINT_LINE 23 312 23 314
PAINT_LINE 23 335 23 337
PAINT_LINE 24 180 24 182
PAINT_LINE 24 210 24 212
PAINT_LINE 24 236 24 238
PAINT_LINE 24 241 24 243
PAINT_LINE 24 338 24 340
PAINT_LINE 26 203 26 205
PAINT_LINE 27 642 27 644
PAINT_LINE 28 137 28 139
PAINT_LINE 29 611 29 613
PAINT_LINE 30 0 30 2
PAINT_LINE 33 768 33 770
PAINT_LINE 35 651 35 653
PAINT_LINE 40 638 40 640
PAINT_LINE 41 607 41 609
PAINT_LINE 41 623 41 625
PAINT_LINE 42 278 42 280
PAINT_LINE 45 782 45 784
PAINT_LINE 57 558 57 560
PAINT_LINE 59 778 59 780
PAINT_LINE 60 58 60 60
PAINT_LINE 60 766 60 768
PAINT_LINE 63 674 63 676
PAINT_LINE 63 782 63 784
PAINT_LINE 65 733 65 735
PAINT_LINE 68 674 68 676
PAINT_LINE 68 729 68 731
PAINT_LINE 68 746 68 748
PAINT_LINE 69 674 69 676
PAINT_LINE 70 673 70 675
PAINT_LINE 70 724 70 726
PAINT_LINE 74 674 74 676
PAINT_LINE 74 728 74 730
PAINT_LINE 75 729 75 731
PAINT_LINE 79 765 79 767
PAINT_LINE 80 766 80 768
PAINT_LINE 83 67 83 69
PAINT_LINE 83 75 83 77
PAINT_LINE 83 583 83 585
PAINT_LINE 88 31 88 33
PAINT_LINE 89 61 89 63
PAINT_LINE 89 670 89 672
PAINT_LINE 89 685 89 687
PAINT_LINE 90 747 90 749
PAINT_LINE 91 748 91 750
PAINT_LINE 95 288 95 290
PAINT_LINE 96 317 96 319
PAINT_LINE 97 691 97 693
PAINT_LINE 98 64 98 66
PAINT_LINE 98 690 98 692
PAINT_LINE 99 378 99 380
PAINT_LINE 99 786 99 788
PAINT_LINE 101 411 101 413
PAINT_LINE 101 421 101 423
PAINT_LINE 103 372 103 374
PAINT_LINE 107 36 107 38
PAINT_LINE 107 429 107 431
PAINT_LINE 108 37 108 39
PAINT_LINE 109 38 109 40
PAINT_LINE 110 335 110 337
PAINT_LINE 110 343 110 345
PAINT_LINE 111 322 111 324
PAINT_LINE 112 321 112 323
PAINT_LINE 114 376 114 378
PAINT_LINE 115 85 115 87
PAINT_LINE 118 663 118 665
PAINT_LINE 120 105 120 107
PAINT_LINE 120 649 120 651
PAINT_LINE 120 655 120 657
PAINT_LINE 121 797 121 799
PAINT_LINE 122 610 122 612
PAINT_LINE 123 609 123 611
PAINT_LINE 123 626 123 628
PAINT_LINE 124 607 124 609
PAINT_LINE 124 627 124 629
PAINT_LINE 124 665 124 667
PAINT_LINE 125 84 125 86
PAINT_LINE 125 606 125 608
PAINT_LINE 125 628 125 630
PAINT_LINE 125 681 125 683
PAINT_LINE 126 629 126 631
PAINT_LINE 126 640 126 642
PAINT_LINE 129 625 129 627
PAINT_LINE 129 665 129 667
PAINT_LINE 132 677 132 679
PAINT_LINE 133 360 133 362
PAINT_LINE 135 768 135 770
PAINT_LINE 136 115 136 117
PAINT_LINE 136 767 136 769
PAINT_LINE 137 567 137 569
PAINT_LINE 137 669 137 671
PAINT_LINE 138 490 138 492
PAINT_LINE 138 569 138 571
PAINT_LINE 138 649 138 651
PAINT_LINE 138 654 138 656
PAINT_LINE 142 364 142 366
PAINT_LINE 142 374 142 376
PAINT_LINE 142 542 142 544
PAINT_LINE 143 676 143 678
PAINT_LINE 144 183 144 185
PAINT_LINE 145 154 145 156
PAINT_LINE 147 222 147 224
PAINT_LINE 147 382 147 384
PAINT_LINE 147 562 147 564
PAINT_LINE 150 590 150 592
PAINT_LINE 151 544 151 546
PAINT_LINE 151 632 151 634
PAINT_LINE 151 666 151 668
PAINT_LINE 152 116 152 118
PAINT_LINE 152 120 152 122
PAINT_LINE 152 652 152 654
PAINT_LINE 153 651 153 653
PAINT_LINE 154 629 154 631
PAINT_LINE 154 650 154 652
PAINT_LINE 156 710 156 712
PAINT_LINE 157 103 157 105
PAINT_LINE 0 742 0 744
PAINT_LINE 2 789 2 791
PAINT_LINE 9 487 9 489
PAINT_LINE 10 486 10 488
PAINT_LINE 11 642 11 644
PAINT_LINE 12 214 12 216
PAINT_LINE 14 262 14 264
PAINT_LINE 16 77 16 79
PAINT_LINE 16 163 16 165
PAINT_LINE 17 120 17 122
PAINT_LINE 17 164 17 166
PAINT_LINE 19 78 19 80
PAINT_LINE 19 164 19 166
PAINT_LINE 20 68 20 70
PAINT_LINE 20 77 20 79
PAINT_LINE 20 121 20 123
PAINT_LINE 20 163 20 165
PAINT_LINE 20 315 20 317
PAINT_LINE 21 215 21 217
PAINT_LINE 21 631 21 633
PAINT_LINE 21 659 21 661
PAINT_LINE 21 664 21 666
PAINT_LINE 22 313 22 315
PAINT_LINE 22 354 22 356
PAINT_LINE 23 290 23 292
PAINT_LINE 23 637 23 639
PAINT_LINE 25 626 25 628
PAINT_LINE 25 664 25 666
PAINT_LINE 28 658 28 660
PAINT_LINE 31 614 31 616
PAINT_LINE 31 653 31 655
PAINT_LINE 38 650 38 652
PAINT_LINE 40 214 40 216
PAINT_LINE 41 34 41 36
PAINT_LINE 42 98 42 100
PAINT_LINE 42 653 42 655
PAINT_LINE 43 98 43 100
PAINT_LINE 43 653 43 655
PAINT_LINE 44 207 44 209
PAINT_LINE 44 222 44 224
PAINT_LINE 46 31 46 33
PAINT_LINE 46 220 46 222
PAINT_LINE 48 203 48 205
PAINT_LINE 49 4 49 6
PAINT_LINE 49 203 49 205
PAINT_LINE 50 42 50 44
PAINT_LINE 50 216 50 218
PAINT_LINE 51 502 51 504
PAINT_LINE 52 28 52 30
PAINT_LINE 52 45 52 47
PAINT_LINE 55 560 55 562
PAINT_LINE 55 676 55 678
PAINT_LINE 56 464 56 466
PAINT_LINE 56 605 56 607
PAINT_LINE 56 670 56 672
PAINT_LINE 57 574 57 576
PAINT_LINE 58 148 58 150
PAINT_LINE 58 678 58 680
PAINT_LINE 59 148 59 150
PAINT_LINE 59 355 59 357
PAINT_LINE 59 430 59 432
PAINT_LINE 59 674 59 676
PAINT_LINE 60 667 60 669
PAINT_LINE 60 674 60 676
PAINT_LINE 61 322 61 324
PAINT_LINE 61 666 61 668
PAINT_LINE 61 756 61 758
PAINT_LINE 62 148 62 150
PAINT_LINE 62 395 62 397
PAINT_LINE 62 565 62 567
PAINT_LINE 62 790 62 792
PAINT_LINE 63 60 63 62
PAINT_LINE 63 148 63 150
PAINT_LINE 64 60 64 62
PAINT_LINE 64 216 64 218
PAINT_LINE 64 360 64 362
PAINT_LINE 64 683 64 685
PAINT_LINE 65 24 65 26
PAINT_LINE 66 25 66 27
PAINT_LINE 66 148 66 150
PAINT_LINE 67 148 67 150
PAINT_LINE 67 662 67 664
PAINT_LINE 67 711 67 713
PAINT_LINE 68 382 68 384
PAINT_LINE 68 661 68 663
PAINT_LINE 69 777 69 779
PAINT_LINE 70 282 70 284
PAINT_LINE 70 359 70 361
PAINT_LINE 70 688 70 690
PAINT_LINE 70 709 70 711
PAINT_LINE 71 16 71 18
PAINT_LINE 71 294 71 296
PAINT_LINE 71 759 71 761
PAINT_LINE 72 208 72 210
PAINT_LINE 72 471 72 473
PAINT_LINE 72 750 72 752
PAINT_LINE 72 760 72 762
PAINT_LINE 73 398 73 400
PAINT_LINE 73 443 73 445
PAINT_LINE 73 712 73 714
PAINT_LINE 73 751 73 753
PAINT_LINE 73 761 73 763
PAINT_LINE 74 325 74 327
PAINT_LINE 74 354 74 356
PAINT_LINE 74 571 74 573
PAINT_LINE 74 719 74 721
PAINT_LINE 74 752 74 754
PAINT_LINE 75 401 75 403
PAINT_LINE 76 440 76 442
PAINT_LINE 76 495 76 497
PAINT_LINE 76 715 76 717
PAINT_LINE 78 53 78 55
PAINT_LINE 78 465 78 467
PAINT_LINE 78 754 78 756
PAINT_LINE 78 775 78 777
PAINT_LINE 79 695 79 697
PAINT_LINE 80 470 80 472
PAINT_LINE 81 650 81 652
PAINT_LINE 81 736 81 738
PAINT_LINE 83 731 83 733
PAINT_LINE 83 750 83 752
PAINT_LINE 83 784 83 786
PAINT_LINE 84 727 84 729
PAINT_LINE 86 70 86 72
PAINT_LINE 86 700 86 702
PAINT_LINE 86 732 86 734
PAINT_LINE 86 760 86 762
PAINT_LINE 87 779 87 781
PAINT_LINE 88 501 88 503
PAINT_LINE 89 70 89 72
PAINT_LINE 89 734 89 736
PAINT_LINE 90 771 90 773
PAINT_LINE 91 112 91 114
PAINT_LINE 92 699 92 701
PAINT_LINE 92 705 92 707
PAINT_LINE 93 119 93 121
PAINT_LINE 93 702 93 704
PAINT_LINE 95 68 95 70
PAINT_LINE 95 218 95 220
PAINT_LINE 95 702 95 704
PAINT_LINE 96 212 96 214
PAINT_LINE 96 230 96 232
PAINT_LINE 96 404 96 406
PAINT_LINE 97 11 97 13
PAINT_LINE 97 47 97 49
PAINT_LINE 97 228 97 230
PAINT_LINE 97 306 97 308
PAINT_LINE 98 320 98 322
PAINT_LINE 99 206 99 208
PAINT_LINE 99 305 99 307
PAINT_LINE 100 106 100 108
PAINT_LINE 100 224 100 226
PAINT_LINE 100 316 100 318
PAINT_LINE 101 7 101 9
PAINT_LINE 101 131 101 133
PAINT_LINE 101 337 101 339
PAINT_LINE 102 130 102 132
PAINT_LINE 103 112 103 114
PAINT_LINE 104 68 104 70
PAINT_LINE 104 224 104 226
PAINT_LINE 107 245 107 247
PAINT_LINE 108 134 108 136
PAINT_LINE 108 245 108 247
PAINT_LINE 110 39 110 41
PAINT_LINE 112 96 112 98
PAINT_LINE 113 42 113 44
PAINT_LINE 113 246 113 248
PAINT_LINE 114 316 114 318
PAINT_LINE 116 86 116 88
PAINT_LINE 116 330 116 332
PAINT_LINE 118 384 118 386
PAINT_LINE 118 629 118 631
PAINT_LINE 118 692 118 694
PAINT_LINE 120 98 120 100
PAINT_LINE 120 695 120 697
PAINT_LINE 121 169 121 171
PAINT_LINE 121 695 121 697
PAINT_LINE 122 502 122 504
PAINT_LINE 122 636 122 638
PAINT_LINE 122 693 122 695
PAINT_LINE 123 2 123 4
PAINT_LINE 125 500 125 502
PAINT_LINE 125 637 125 639
PAINT_LINE 125 700 125 702
PAINT_LINE 126 97 126 99
PAINT_LINE 126 194 126 196
PAINT_LINE 126 698 126 700
PAINT_LINE 127 96 127 98
PAINT_LINE 127 121 127 123
PAINT_LINE 127 138 127 140
PAINT_LINE 127 702 127 704
PAINT_LINE 128 615 128 617
PAINT_LINE 129 379 129 381
PAINT_LINE 129 647 129 649
PAINT_LINE 130 8 130 10
PAINT_LINE 130 609 130 611
PAINT_LINE 130 790 130 792
PAINT_LINE 130 797 130 799
PAINT_LINE 131 8 131 10
PAINT_LINE 131 489 131 491
PAINT_LINE 131 690 131 692
PAINT_LINE 132 66 132 68
PAINT_LINE 132 380 132 382
PAINT_LINE 132 686 132 688
PAINT_LINE 132 690 132 692
PAINT_LINE 133 42 133 44
PAINT_LINE 133 138 133 140
PAINT_LINE 134 68 134 70
PAINT_LINE 134 134 134 136
PAINT_LINE 135 14 135 16
PAINT_LINE 136 5 136 7
PAINT_LINE 136 135 136 137
PAINT_LINE 136 526 136 528
PAINT_LINE 136 609 136 611
PAINT_LINE 137 18 137 20
PAINT_LINE 137 766 137 768
PAINT_LINE 138 129 138 131
PAINT_LINE 138 133 138 135
PAINT_LINE 138 697 138 699
PAINT_LINE 140 511 140 513
PAINT_LINE 141 25 141 27
PAINT_LINE 141 526 141 528
PAINT_LINE 141 609 141 611
PAINT_LINE 141 669 141 671
PAINT_LINE 141 673 141 675
PAINT_LINE 142 632 142 634
PAINT_LINE 143 219 143 221
PAINT_LINE 143 612 143 614
PAINT_LINE 143 706 143 708
PAINT_LINE 143 710 143 712
PAINT_LINE 144 40 144 42
PAINT_LINE 144 760 144 762
PAINT_LINE 145 53 145 55
PAINT_LINE 145 589 145 591
PAINT_LINE 145 672 145 674
PAINT_LINE 145 709 145 711
PAINT_LINE 145 759 145 761
PAINT_LINE 146 68 146 70
PAINT_LINE 146 632 146 634
PAINT_LINE 146 672 146 674
PAINT_LINE 147 541 147 543
PAINT_LINE 147 674 147 676
PAINT_LINE 148 568 148 570
PAINT_LINE 149 605 149 607
PAINT_LINE 150 58 150 60
PAINT_LINE 150 609 150 611
PAINT_LINE 151 33 151 35
PAINT_LINE 151 608 151 610
PAINT_LINE 152 217 152 219
PAINT_LINE 152 227 152 229
PAINT_LINE 152 562 152 564
PAINT_LINE 152 612 152 614
PAINT_LINE 152 790 152 792
PAINT_LINE 152 797 152 799
PAINT_LINE 153 663 153 665
PAINT_LINE 153 790 153 792
PAINT_LINE 154 655 154 657
PAINT_LINE 156 556 156 558
PAINT_LINE 156 661 156 663
PAINT_LINE 157 557 157 559
PAINT_LINE 157 661 157 663
PAINT_LINE 4 785 6 785
PAINT_LINE 27 220 29 220
PAINT_LINE 37 64 39 64
PAINT_LINE 41 32 43 32
PAINT_LINE 41 64 43 64
PAINT_LINE 41 80 43 80
PAINT_LINE 62 554 64 554
PAINT_LINE 63 799 65 799
PAINT_LINE 65 16 67 16
PAINT_LINE 75 56 77 56
PAINT_LINE 79 675 81 675
PAINT_LINE 94 709 96 709
PAINT_LINE 100 63 102 63
PAINT_LINE 101 62 103 62
PAINT_LINE 102 329 104 329
PAINT_LINE 103 61 105 61
PAINT_LINE 105 355 107 355
PAINT_LINE 107 65 109 65
PAINT_LINE 119 490 121 490
PAINT_LINE 122 87 124 87
PAINT_LINE 122 223 124 223
PAINT_LINE 123 486 125 486
PAINT_LINE 127 693 129 693
PAINT_LINE 128 501 130 501
PAINT_LINE 135 703 137 703
PAINT_LINE 144 560 146 560
PAINT_LINE 150 557 152 557
PAINT_LINE 7 283 9 283
PAINT_LINE 8 48 10 48
PAINT_LINE 12 176 14 176
PAINT_LINE 13 236 15 236
PAINT_LINE 15 289 17 289
PAINT_LINE 16 108 18 108
PAINT_LINE 17 91 19 91
PAINT_LINE 18 52 20 52
PAINT_LINE 18 265 20 265
PAINT_LINE 19 252 21 252
PAINT_LINE 19 253 21 253
PAINT_LINE 25 623 27 623
PAINT_LINE 28 40 30 40
PAINT_LINE 29 39 31 39
PAINT_LINE 38 631 40 631
PAINT_LINE 41 648 43 648
PAINT_LINE 46 47 48 47
PAINT_LINE 46 48 48 48
PAINT_LINE 47 208 49 208
PAINT_LINE 60 682 62 682
PAINT_LINE 61 680 63 680
PAINT_LINE 64 202 66 202
PAINT_LINE 65 22 67 22
PAINT_LINE 65 686 67 686
PAINT_LINE 69 63 71 63
PAINT_LINE 70 385 72 385
PAINT_LINE 70 397 72 397
PAINT_LINE 72 459 74 459
PAINT_LINE 72 466 74 466
PAINT_LINE 72 692 74 692
PAINT_LINE 75 694 77 694
PAINT_LINE 76 692 78 692
PAINT_LINE 85 519 87 519
PAINT_LINE 93 763 95 763
PAINT_LINE 94 224 96 224
PAINT_LINE 97 233 99 233
PAINT_LINE 97 333 99 333
PAINT_LINE 97 408 99 408
PAINT_LINE 98 64 100 64
PAINT_LINE 100 223 102 223
PAINT_LINE 102 354 104 354
PAINT_LINE 103 135 105 135
PAINT_LINE 105 137 107 137
PAINT_LINE 108 139 110 139
PAINT_LINE 108 244 110 244
PAINT_LINE 110 99 112 99
PAINT_LINE 111 73 113 73
PAINT_LINE 111 121 113 121
PAINT_LINE 112 69 114 69
PAINT_LINE 121 506 123 506
PAINT_LINE 123 64 125 64
PAINT_LINE 124 99 126 99
PAINT_LINE 127 64 129 64
PAINT_LINE 129 141 131 141
PAINT_LINE 129 645 131 645
PAINT_LINE 130 367 132 367
PAINT_LINE 130 659 132 659
PAINT_LINE 131 137 133 137
PAINT_LINE 135 512 137 512
PAINT_LINE 135 799 137 799
PAINT_LINE 139 610 141 610
PAINT_LINE 139 798 141 798
PAINT_LINE 140 483 142 483
PAINT_LINE 140 487 142 487
PAINT_LINE 142 150 144 150
PAINT_LINE 143 575 145 575
PAINT_LINE 144 606 146 606
PAINT_LINE 145 603 147 603
PAINT_LINE 146 171 148 171
PAINT_LINE 146 172 148 172
PAINT_LINE 146 229 148 229
PAINT_LINE 148 204 150 204
PAINT_LINE 148 226 150 226
PAINT_LINE 149 718 151 718
PAINT_LINE 151 206 153 206
PAINT_LINE 152 127 154 127
PAINT_LINE 152 128 154 128
PAINT_LINE 152 630 154 630
PAINT_LINE 154 575 156 575
PAINT_LINE 0 437 0 438
PAINT_LINE 1 543 1 544
PAINT_LINE 2 513 2 514
PAINT_LINE 3 487 3 488
PAINT_LINE 3 547 3 548
PAINT_LINE 3 578 3 579
PAINT_LINE 4 657 4 658
PAINT_LINE 6 642 6 643
PAINT_LINE 7 274 7 275
PAINT_LINE 8 184 8 185
PAINT_LINE 8 408 8 409
PAINT_LINE 9 420 9 421
PAINT_LINE 10 242 10 243
PAINT_LINE 10 252 10 253
PAINT_LINE 10 281 10 282
PAINT_LINE 11 49 11 50
PAINT_LINE 11 257 11 258
PAINT_LINE 11 273 11 274
PAINT_LINE 11 279 11 280
PAINT_LINE 11 338 11 339
PAINT_LINE 11 547 11 548
PAINT_LINE 12 50 12 51
PAINT_LINE 12 294 12 295
PAINT_LINE 12 413 12 414
PAINT_LINE 12 446 12 447
PAINT_LINE 13 292 13 293
PAINT_LINE 13 420 13 421
PAINT_LINE 14 98 14 99
PAINT_LINE 14 355 14 356
PAINT_LINE 15 106 15 107
PAINT_LINE 16 151 16 152
PAINT_LINE 16 266 16 267
PAINT_LINE 17 150 17 151
PAINT_LINE 18 260 18 261
PAINT_LINE 19 255 19 256
PAINT_LINE 19 258 19 259
PAINT_LINE 19 712 19 713
PAINT_LINE 19 716 19 717
PAINT_LINE 20 151 20 152
PAINT_LINE 20 716 20 717
PAINT_LINE 21 93 21 94
PAINT_LINE 21 107 21 108
PAINT_LINE 21 234 21 235
PAINT_LINE 21 331 21 332
PAINT_LINE 22 49 22 50
PAINT_LINE 22 106 22 107
PAINT_LINE 22 215 22 216
PAINT_LINE 22 242 22 243
PAINT_LINE 22 248 22 249
PAINT_LINE 22 333 22 334
PAINT_LINE 23 48 23 49
PAINT_LINE 23 102 23 103
PAINT_LINE 23 260 23 261
PAINT_LINE 23 353 23 354
PAINT_LINE 24 258 24 259
PAINT_LINE 24 310 24 311
PAINT_LINE 25 297 25 298
PAINT_LINE 26 45 26 46
PAINT_LINE 26 221 26 222
PAINT_LINE 26 232 26 233
PAINT_LINE 26 629 26 630
PAINT_LINE 26 633 26 634
PAINT_LINE 27 43 27 44
PAINT_LINE 28 226 28 227
PAINT_LINE 28 229 28 230
PAINT_LINE 28 625 28 626
PAINT_LINE 28 642 28 643
PAINT_LINE 30 36 30 37
PAINT_LINE 32 608 32 609
PAINT_LINE 36 613 36 614
PAINT_LINE 42 615 42 616
PAINT_LINE 44 71 44 72
PAINT_LINE 46 22 46 23
PAINT_LINE 46 28 46 29
PAINT_LINE 47 39 47 40
PAINT_LINE 61 32 61 33
PAINT_LINE 64 733 64 734
PAINT_LINE 65 674 65 675
PAINT_LINE 67 721 67 722
PAINT_LINE 80 787 80 788
PAINT_LINE 83 248 83 249
PAINT_LINE 85 675 85 676
PAINT_LINE 86 471 86 472
PAINT_LINE 89 659 89 660
PAINT_LINE 89 674 89 675
PAINT_LINE 94 35 94 36
PAINT_LINE 94 675 94 676
PAINT_LINE 96 67 96 68
PAINT_LINE 97 66 97 67
PAINT_LINE 98 410 98 411
PAINT_LINE 99 737 99 738
PAINT_LINE 100 422 100 423
PAINT_LINE 100 779 100 780
PAINT_LINE 102 285 102 286
PAINT_LINE 102 682 102 683
PAINT_LINE 103 379 103 380
PAINT_LINE 103 406 103 407
PAINT_LINE 104 307 104 308
PAINT_LINE 105 67 105 68
PAINT_LINE 106 66 106 67
PAINT_LINE 109 337 109 338
PAINT_LINE 111 637 111 638
PAINT_LINE 115 67 115 68
PAINT_LINE 118 314 118 315
PAINT_LINE 118 377 118 378
PAINT_LINE 118 499 118 500
PAINT_LINE 119 417 119 418
PAINT_LINE 119 648 119 649
PAINT_LINE 120 120 120 121
PAINT_LINE 120 152 120 153
PAINT_LINE 120 674 120 675
PAINT_LINE 124 787 124 788
PAINT_LINE 125 785 125 786
PAINT_LINE 126 82 126 83
PAINT_LINE 126 680 126 681
PAINT_LINE 127 632 127 633
PAINT_LINE 127 679 127 680
PAINT_LINE 128 627 128 628
PAINT_LINE 128 633 128 634
PAINT_LINE 128 678 128 679
PAINT_LINE 130 406 130 407
PAINT_LINE 130 666 130 667
PAINT_LINE 131 621 131 622
PAINT_LINE 132 175 132 176
PAINT_LINE 135 461 135 462
PAINT_LINE 136 626 136 627
PAINT_LINE 137 490 137 491
PAINT_LINE 139 199 139 200
PAINT_LINE 139 209 139 210
PAINT_LINE 139 467 139 468
PAINT_LINE 139 571 139 572
PAINT_LINE 140 100 140 101
PAINT_LINE 141 561 141 562
PAINT_LINE 142 97 142 98
PAINT_LINE 142 186 142 187
PAINT_LINE 143 550 143 551
PAINT_LINE 143 635 143 636
PAINT_LINE 144 131 144 132
PAINT_LINE 144 157 144 158
PAINT_LINE 145 130 145 131
PAINT_LINE 145 201 145 202
PAINT_LINE 146 201 146 202
PAINT_LINE 147 175 147 176
PAINT_LINE 147 566 147 567
PAINT_LINE 147 639 147 640
PAINT_LINE 148 165 148 166
PAINT_LINE 148 653 148 654
PAINT_LINE 152 665 152 666
PAINT_LINE 154 408 154 409
PAINT_LINE 154 547 154 548
PAINT_LINE 156 104 156 105
PAINT_LINE 157 541 157 542
PAINT_LINE 0 739 0 740
PAINT_LINE 1 743 1 744
PAINT_LINE 3 740 3 741
PAINT_LINE 3 743 3 744
PAINT_LINE 3 792 3 793
PAINT_LINE 4 698 4 699
PAINT_LINE 5 788 5 789
PAINT_LINE 6 785 6 786
PAINT_LINE 6 790 6 791
PAINT_LINE 8 283 8 284
PAINT_LINE 8 611 8 612
PAINT_LINE 8 644 8 645
PAINT_LINE 9 47 9 48
PAINT_LINE 9 282 9 283
PAINT_LINE 9 520 9 521
PAINT_LINE 10 48 10 49
PAINT_LINE 10 418 10 419
PAINT_LINE 10 515 10 516
PAINT_LINE 10 520 10 521
PAINT_LINE 10 580 10 581
PAINT_LINE 11 418 11 419
PAINT_LINE 11 515 11 516
PAINT_LINE 11 579 11 580
PAINT_LINE 12 421 12 422
PAINT_LINE 12 452 12 453
PAINT_LINE 12 455 12 456
PAINT_LINE 12 643 12 644
PAINT_LINE 12 776 12 777
PAINT_LINE 13 51 13 52
PAINT_LINE 13 236 13 237
PAINT_LINE 13 261 13 262
PAINT_LINE 14 235 14 236
PAINT_LINE 14 267 14 268
PAINT_LINE 14 332 14 333
PAINT_LINE 15 218 15 219
PAINT_LINE 15 289 15 290
PAINT_LINE 15 356 15 357
PAINT_LINE 16 68 16 69
PAINT_LINE 16 107 16 108
PAINT_LINE 16 218 16 219
PAINT_LINE 17 79 17 80
PAINT_LINE 17 108 17 109
PAINT_LINE 17 174 17 175
PAINT_LINE 17 216 17 217
PAINT_LINE 18 91 18 92
PAINT_LINE 18 110 18 111
PAINT_LINE 18 120 18 121
PAINT_LINE 18 165 18 166
PAINT_LINE 18 174 18 175
PAINT_LINE 18 216 18 217
PAINT_LINE 18 358 18 359
PAINT_LINE 18 662 18 663
PAINT_LINE 19 110 19 111
PAINT_LINE 19 633 19 634
PAINT_LINE 20 264 20 265
PAINT_LINE 20 288 20 289
PAINT_LINE 21 50 21 51
PAINT_LINE 21 176 21 177
PAINT_LINE 21 315 21 316
PAINT_LINE 21 355 21 356
PAINT_LINE 22 290 22 291
PAINT_LINE 22 631 22 632
PAINT_LINE 22 664 22 665
PAINT_LINE 23 660 23 661
PAINT_LINE 27 220 27 221
PAINT_LINE 27 659 27 660
PAINT_LINE 28 219 28 220
PAINT_LINE 29 219 29 220
PAINT_LINE 30 611 30 612
PAINT_LINE 30 657 30 658
PAINT_LINE 32 81 32 82
PAINT_LINE 32 611 32 612
PAINT_LINE 32 614 32 615
PAINT_LINE 32 657 32 658
PAINT_LINE 34 81 34 82
PAINT_LINE 34 609 34 610
PAINT_LINE 35 81 35 82
PAINT_LINE 35 763 35 764
PAINT_LINE 35 780 35 781
PAINT_LINE 36 763 36 764
PAINT_LINE 36 776 36 777
PAINT_LINE 37 776 37 777
PAINT_LINE 38 80 38 81
PAINT_LINE 38 763 38 764
PAINT_LINE 39 6 39 7
PAINT_LINE 39 47 39 48
PAINT_LINE 39 67 39 68
PAINT_LINE 39 80 39 81
PAINT_LINE 39 630 39 631
PAINT_LINE 41 730 41 731
PAINT_LINE 42 72 42 73
PAINT_LINE 43 72 43 73
PAINT_LINE 43 732 43 733
PAINT_LINE 44 779 44 780
PAINT_LINE 47 220 47 221
PAINT_LINE 49 32 49 33
PAINT_LINE 49 34 49 35
PAINT_LINE 51 216 51 217
PAINT_LINE 52 39 52 40
PAINT_LINE 52 201 52 202
PAINT_LINE 52 520 52 521
PAINT_LINE 53 216 53 217
PAINT_LINE 54 64 54 65
PAINT_LINE 54 561 54 562
PAINT_LINE 54 676 54 677
PAINT_LINE 55 465 55 466
PAINT_LINE 55 605 55 606
PAINT_LINE 55 671 55 672
PAINT_LINE 56 146 56 147
PAINT_LINE 56 674 56 675
PAINT_LINE 57 302 57 303
PAINT_LINE 57 678 57 679
PAINT_LINE 58 19 58 20
PAINT_LINE 58 64 58 65
PAINT_LINE 58 66 58 67
PAINT_LINE 58 146 58 147
PAINT_LINE 58 253 58 254
PAINT_LINE 58 302 58 303
PAINT_LINE 58 477 58 478
PAINT_LINE 58 596 58 597
PAINT_LINE 58 669 58 670
PAINT_LINE 58 785 58 786
PAINT_LINE 59 64 59 65
PAINT_LINE 59 253 59 254
PAINT_LINE 59 325 59 326
PAINT_LINE 59 668 59 669
PAINT_LINE 59 787 59 788
PAINT_LINE 60 431 60 432
PAINT_LINE 60 504 60 505
PAINT_LINE 60 611 60 612
PAINT_LINE 60 785 60 786
PAINT_LINE 61 19 61 20
PAINT_LINE 61 358 61 359
PAINT_LINE 61 473 61 474
PAINT_LINE 61 611 61 612
PAINT_LINE 62 145 62 146
PAINT_LINE 62 322 62 323
PAINT_LINE 62 432 62 433
PAINT_LINE 62 447 62 448
PAINT_LINE 62 666 62 667
PAINT_LINE 62 760 62 761
PAINT_LINE 63 16 63 17
PAINT_LINE 63 21 63 22
PAINT_LINE 63 34 63 35
PAINT_LINE 63 57 63 58
PAINT_LINE 63 216 63 217
PAINT_LINE 63 395 63 396
PAINT_LINE 63 457 63 458
PAINT_LINE 63 565 63 566
PAINT_LINE 63 683 63 684
PAINT_LINE 64 24 64 25
PAINT_LINE 65 150 65 151
PAINT_LINE 65 361 65 362
PAINT_LINE 65 374 65 375
PAINT_LINE 65 435 65 436
PAINT_LINE 65 568 65 569
PAINT_LINE 65 682 65 683
PAINT_LINE 66 18 66 19
PAINT_LINE 66 31 66 32
PAINT_LINE 66 34 66 35
PAINT_LINE 66 66 66 67
PAINT_LINE 66 146 66 147
PAINT_LINE 66 456 66 457
PAINT_LINE 66 506 66 507
PAINT_LINE 66 663 66 664
PAINT_LINE 67 18 67 19
PAINT_LINE 67 26 67 27
PAINT_LINE 67 31 67 32
PAINT_LINE 67 66 67 67
PAINT_LINE 67 84 67 85
PAINT_LINE 67 146 67 147
PAINT_LINE 67 219 67 220
PAINT_LINE 67 286 67 287
PAINT_LINE 67 383 67 384
PAINT_LINE 67 553 67 554
PAINT_LINE 68 298 68 299
PAINT_LINE 68 684 68 685
PAINT_LINE 69 16 69 17
PAINT_LINE 69 23 69 24
PAINT_LINE 69 66 69 67
PAINT_LINE 69 85 69 86
PAINT_LINE 69 146 69 147
PAINT_LINE 69 283 69 284
PAINT_LINE 69 360 69 361
PAINT_LINE 69 471 69 472
PAINT_LINE 69 661 69 662
PAINT_LINE 69 688 69 689
PAINT_LINE 69 711 69 712
PAINT_LINE 69 781 69 782
PAINT_LINE 70 544 70 545
PAINT_LINE 71 323 71 324
PAINT_LINE 71 471 71 472
PAINT_LINE 72 294 72 295
PAINT_LINE 72 358 72 359
PAINT_LINE 72 432 72 433
PAINT_LINE 72 505 72 506
PAINT_LINE 72 555 72 556
PAINT_LINE 72 568 72 569
PAINT_LINE 72 687 72 688
PAINT_LINE 72 714 72 715
PAINT_LINE 72 742 72 743
PAINT_LINE 72 768 72 769
PAINT_LINE 73 56 73 57
PAINT_LINE 73 325 73 326
PAINT_LINE 73 571 73 572
PAINT_LINE 73 657 73 658
PAINT_LINE 73 716 73 717
PAINT_LINE 73 783 73 784
PAINT_LINE 74 83 74 84
PAINT_LINE 74 85 74 86
PAINT_LINE 74 291 74 292
PAINT_LINE 74 401 74 402
PAINT_LINE 74 429 74 430
PAINT_LINE 74 443 74 444
PAINT_LINE 74 713 74 714
PAINT_LINE 74 768 74 769
PAINT_LINE 75 34 75 35
PAINT_LINE 75 690 75 691
PAINT_LINE 76 34 76 35
PAINT_LINE 76 720 76 721
PAINT_LINE 77 463 77 464
PAINT_LINE 77 653 77 654
PAINT_LINE 78 695 78 696
PAINT_LINE 78 719 78 720
PAINT_LINE 78 723 78 724
PAINT_LINE 79 675 79 676
PAINT_LINE 79 755 79 756
PAINT_LINE 79 760 79 761
PAINT_LINE 79 776 79 777
PAINT_LINE 80 83 80 84
PAINT_LINE 80 675 80 676
PAINT_LINE 80 694 80 695
PAINT_LINE 80 736 80 737
PAINT_LINE 80 783 80 784
PAINT_LINE 81 697 81 698
PAINT_LINE 82 498 82 499
PAINT_LINE 82 650 82 651
PAINT_LINE 82 750 82 751
PAINT_LINE 82 769 82 770
PAINT_LINE 83 696 83 697
PAINT_LINE 83 761 83 762
PAINT_LINE 84 756 84 757
PAINT_LINE 85 700 85 701
PAINT_LINE 85 732 85 733
PAINT_LINE 86 505 86 506
PAINT_LINE 87 71 87 72
PAINT_LINE 87 699 87 700
PAINT_LINE 87 785 87 786
PAINT_LINE 88 70 88 71
PAINT_LINE 89 703 89 704
PAINT_LINE 90 735 90 736
PAINT_LINE 91 116 91 117
PAINT_LINE 91 705 91 706
PAINT_LINE 91 740 91 741
PAINT_LINE 91 781 91 782
PAINT_LINE 93 116 93 117
PAINT_LINE 93 641 93 642
PAINT_LINE 94 69 94 70
PAINT_LINE 95 20 95 21
PAINT_LINE 95 227 95 228
PAINT_LINE 95 230 95 231
PAINT_LINE 96 12 96 13
PAINT_LINE 96 219 96 220
PAINT_LINE 96 329 96 330
PAINT_LINE 96 643 96 644
PAINT_LINE 96 769 96 770
PAINT_LINE 97 53 97 54
PAINT_LINE 97 329 97 330
PAINT_LINE 98 48 98 49
PAINT_LINE 98 125 98 126
PAINT_LINE 98 128 98 129
PAINT_LINE 98 209 98 210
PAINT_LINE 98 221 98 222
PAINT_LINE 99 64 99 65
PAINT_LINE 99 209 99 210
PAINT_LINE 99 224 99 225
PAINT_LINE 99 320 99 321
PAINT_LINE 99 341 99 342
PAINT_LINE 99 388 99 389
PAINT_LINE 100 51 100 52
PAINT_LINE 100 110 100 111
PAINT_LINE 100 128 100 129
PAINT_LINE 100 131 100 132
PAINT_LINE 100 231 100 232
PAINT_LINE 100 305 100 306
PAINT_LINE 100 338 100 339
PAINT_LINE 100 372 100 373
PAINT_LINE 100 375 100 376
PAINT_LINE 101 107 101 108
PAINT_LINE 101 213 101 214
PAINT_LINE 101 234 101 235
PAINT_LINE 101 297 101 298
PAINT_LINE 101 342 101 343
PAINT_LINE 101 366 101 367
PAINT_LINE 101 375 101 376
PAINT_LINE 101 388 101 389
PAINT_LINE 101 395 101 396
PAINT_LINE 102 7 102 8
PAINT_LINE 102 112 102 113
PAINT_LINE 102 297 102 298
PAINT_LINE 102 332 102 333
PAINT_LINE 102 372 102 373
PAINT_LINE 102 394 102 395
PAINT_LINE 102 750 102 751
PAINT_LINE 103 69 103 70
PAINT_LINE 103 131 103 132
PAINT_LINE 103 206 103 207
PAINT_LINE 103 307 103 308
PAINT_LINE 104 3 104 4
PAINT_LINE 104 72 104 73
PAINT_LINE 104 233 104 234
PAINT_LINE 104 353 104 354
PAINT_LINE 105 4 105 5
PAINT_LINE 105 225 105 226
PAINT_LINE 106 49 106 50
PAINT_LINE 106 242 106 243
PAINT_LINE 106 346 106 347
PAINT_LINE 107 65 107 66
PAINT_LINE 107 341 107 342
PAINT_LINE 108 2 108 3
PAINT_LINE 108 72 108 73
PAINT_LINE 108 92 108 93
PAINT_LINE 108 95 108 96
PAINT_LINE 108 341 108 342
PAINT_LINE 109 119 109 120
PAINT_LINE 109 135 109 136
PAINT_LINE 109 212 109 213
PAINT_LINE 110 2 110 3
PAINT_LINE 110 95 110 96
PAINT_LINE 110 136 110 137
PAINT_LINE 110 212 110 213
PAINT_LINE 110 217 110 218
PAINT_LINE 111 40 111 41
PAINT_LINE 111 217 111 218
PAINT_LINE 111 235 111 236
PAINT_LINE 112 57 112 58
PAINT_LINE 112 235 112 236
PAINT_LINE 112 312 112 313
PAINT_LINE 113 97 113 98
PAINT_LINE 113 138 113 139
PAINT_LINE 113 230 113 231
PAINT_LINE 113 330 113 331
PAINT_LINE 113 333 113 334
PAINT_LINE 113 405 113 406
PAINT_LINE 114 43 114 44
PAINT_LINE 114 230 114 231
PAINT_LINE 114 254 114 255
PAINT_LINE 114 369 114 370
PAINT_LINE 114 426 114 427
PAINT_LINE 115 72 115 73
PAINT_LINE 115 99 115 100
PAINT_LINE 115 221 115 222
PAINT_LINE 115 227 115 228
PAINT_LINE 115 247 115 248
PAINT_LINE 115 318 115 319
PAINT_LINE 115 372 115 373
PAINT_LINE 116 102 116 103
PAINT_LINE 116 122 116 123
PAINT_LINE 116 124 116 125
PAINT_LINE 116 227 116 228
PAINT_LINE 116 316 116 317
PAINT_LINE 116 384 116 385
PAINT_LINE 116 405 116 406
PAINT_LINE 116 427 116 428
PAINT_LINE 116 634 116 635
PAINT_LINE 116 683 116 684
PAINT_LINE 116 689 116 690
PAINT_LINE 117 87 117 88
PAINT_LINE 117 122 117 123
PAINT_LINE 117 124 117 125
PAINT_LINE 117 219 117 220
PAINT_LINE 117 231 117 232
PAINT_LINE 117 405 117 406
PAINT_LINE 117 630 117 631
PAINT_LINE 118 65 118 66
PAINT_LINE 118 102 118 103
PAINT_LINE 118 139 118 140
PAINT_LINE 118 142 118 143
PAINT_LINE 118 219 118 220
PAINT_LINE 118 248 118 249
PAINT_LINE 118 686 118 687
PAINT_LINE 120 66 120 67
PAINT_LINE 120 232 120 233
PAINT_LINE 120 660 120 661
PAINT_LINE 120 663 120 664
PAINT_LINE 121 61 121 62
PAINT_LINE 121 220 121 221
PAINT_LINE 121 232 121 233
PAINT_LINE 121 239 121 240
PAINT_LINE 121 249 121 250
PAINT_LINE 121 692 121 693
PAINT_LINE 122 61 122 62
PAINT_LINE 122 66 122 67
PAINT_LINE 122 142 122 143
PAINT_LINE 122 626 122 627
PAINT_LINE 122 697 122 698
PAINT_LINE 123 44 123 45
PAINT_LINE 123 47 123 48
PAINT_LINE 123 124 123 125
PAINT_LINE 123 502 123 503
PAINT_LINE 123 617 123 618
PAINT_LINE 123 641 123 642
PAINT_LINE 123 694 123 695
PAINT_LINE 124 44 124 45
PAINT_LINE 124 86 124 87
PAINT_LINE 124 142 124 143
PAINT_LINE 124 614 124 615
PAINT_LINE 124 637 124 638
PAINT_LINE 124 700 124 701
PAINT_LINE 125 194 125 195
PAINT_LINE 125 250 125 251
PAINT_LINE 125 697 125 698
PAINT_LINE 126 8 126 9
PAINT_LINE 126 122 126 123
PAINT_LINE 126 142 126 143
PAINT_LINE 126 500 126 501
PAINT_LINE 126 687 126 688
PAINT_LINE 126 702 126 703
PAINT_LINE 127 507 127 508
PAINT_LINE 127 605 127 606
PAINT_LINE 127 612 127 613
PAINT_LINE 127 616 127 617
PAINT_LINE 127 699 127 700
PAINT_LINE 128 11 128 12
PAINT_LINE 128 367 128 368
PAINT_LINE 128 416 128 417
PAINT_LINE 128 647 128 648
PAINT_LINE 129 0 129 1
PAINT_LINE 129 251 129 252
PAINT_LINE 129 370 129 371
PAINT_LINE 129 420 129 421
PAINT_LINE 129 701 129 702
PAINT_LINE 130 40 130 41
PAINT_LINE 130 70 130 71
PAINT_LINE 130 170 130 171
PAINT_LINE 130 420 130 421
PAINT_LINE 130 491 130 492
PAINT_LINE 131 40 131 41
PAINT_LINE 131 60 131 61
PAINT_LINE 131 66 131 67
PAINT_LINE 131 72 131 73
PAINT_LINE 131 367 131 368
PAINT_LINE 131 380 131 381
PAINT_LINE 131 391 131 392
PAINT_LINE 131 397 131 398
PAINT_LINE 131 601 131 602
PAINT_LINE 131 609 131 610
PAINT_LINE 132 2 132 3
PAINT_LINE 132 5 132 6
PAINT_LINE 132 607 132 608
PAINT_LINE 133 60 133 61
PAINT_LINE 133 118 133 119
PAINT_LINE 133 397 133 398
PAINT_LINE 133 609 133 610
PAINT_LINE 134 14 134 15
PAINT_LINE 134 43 134 44
PAINT_LINE 134 138 134 139
PAINT_LINE 134 698 134 699
PAINT_LINE 135 69 135 70
PAINT_LINE 135 72 135 73
PAINT_LINE 136 62 136 63
PAINT_LINE 136 132 136 133
PAINT_LINE 136 215 136 216
PAINT_LINE 136 694 136 695
PAINT_LINE 136 798 136 799
PAINT_LINE 137 6 137 7
PAINT_LINE 137 60 137 61
PAINT_LINE 137 115 137 116
PAINT_LINE 137 135 137 136
PAINT_LINE 137 529 137 530
PAINT_LINE 137 607 137 608
PAINT_LINE 137 609 137 610
PAINT_LINE 137 697 137 698
PAINT_LINE 138 63 138 64
PAINT_LINE 138 72 138 73
PAINT_LINE 138 112 138 113
PAINT_LINE 138 211 138 212
PAINT_LINE 138 529 138 530
PAINT_LINE 138 766 138 767
PAINT_LINE 138 796 138 797
PAINT_LINE 139 72 139 73
PAINT_LINE 139 115 139 116
PAINT_LINE 139 133 139 134
PAINT_LINE 139 512 139 513
PAINT_LINE 139 671 139 672
PAINT_LINE 139 764 139 765
PAINT_LINE 140 62 140 63
PAINT_LINE 140 229 140 230
PAINT_LINE 140 233 140 234
PAINT_LINE 140 572 140 573
PAINT_LINE 140 674 140 675
PAINT_LINE 141 17 141 18
PAINT_LINE 141 51 141 52
PAINT_LINE 141 65 141 66
PAINT_LINE 141 225 141 226
PAINT_LINE 141 794 141 795
PAINT_LINE 142 14 142 15
PAINT_LINE 142 225 142 226
PAINT_LINE 142 505 142 506
PAINT_LINE 142 507 142 508
PAINT_LINE 142 603 142 604
PAINT_LINE 142 673 142 674
PAINT_LINE 143 41 143 42
PAINT_LINE 143 628 143 629
PAINT_LINE 144 53 144 54
PAINT_LINE 144 149 144 150
PAINT_LINE 144 205 144 206
PAINT_LINE 144 220 144 221
PAINT_LINE 144 485 144 486
PAINT_LINE 144 507 144 508
PAINT_LINE 144 538 144 539
PAINT_LINE 144 612 144 613
PAINT_LINE 144 676 144 677
PAINT_LINE 144 713 144 714
PAINT_LINE 144 798 144 799
PAINT_LINE 145 18 145 19
PAINT_LINE 145 225 145 226
PAINT_LINE 145 230 145 231
PAINT_LINE 145 507 145 508
PAINT_LINE 145 538 145 539
PAINT_LINE 145 610 145 611
PAINT_LINE 146 126 146 127
PAINT_LINE 146 129 146 130
PAINT_LINE 146 214 146 215
PAINT_LINE 146 487 146 488
PAINT_LINE 146 504 146 505
PAINT_LINE 146 628 146 629
PAINT_LINE 146 717 146 718
PAINT_LINE 146 790 146 791
PAINT_LINE 147 247 147 248
PAINT_LINE 147 489 147 490
PAINT_LINE 147 504 147 505
PAINT_LINE 147 607 147 608
PAINT_LINE 147 612 147 613
PAINT_LINE 147 648 147 649
PAINT_LINE 147 757 147 758
PAINT_LINE 148 126 148 127
PAINT_LINE 148 211 148 212
PAINT_LINE 148 489 148 490
PAINT_LINE 148 647 148 648
PAINT_LINE 148 656 148 657
PAINT_LINE 148 671 148 672
PAINT_LINE 148 674 148 675
PAINT_LINE 148 796 148 797
PAINT_LINE 149 590 149 591
PAINT_LINE 149 624 149 625
PAINT_LINE 149 717 149 718
PAINT_LINE 149 720 149 721
PAINT_LINE 150 29 150 30
PAINT_LINE 150 217 150 218
PAINT_LINE 150 220 150 221
PAINT_LINE 150 223 150 224
PAINT_LINE 150 541 150 542
PAINT_LINE 150 544 150 545
PAINT_LINE 150 559 150 560
PAINT_LINE 150 606 150 607
PAINT_LINE 150 644 150 645
PAINT_LINE 150 794 150 795
PAINT_LINE 151 220 151 221
PAINT_LINE 151 563 151 564
PAINT_LINE 151 788 151 789
PAINT_LINE 152 205 152 206
PAINT_LINE 152 576 152 577
PAINT_LINE 152 609 152 610
PAINT_LINE 152 647 152 648
PAINT_LINE 153 217 153 218
PAINT_LINE 153 227 153 228
PAINT_LINE 153 579 153 580
PAINT_LINE 153 583 153 584
PAINT_LINE 154 579 154 580
PAINT_LINE 154 663 154 664
PAINT_LINE 154 753 154 754
PAINT_LINE 155 505 155 506
PAINT_LINE 155 662 155 663
PAINT_LINE 155 789 155 790
PAINT_LINE 155 798 155 799
PAINT_LINE 156 230 156 231
PAINT_LINE 156 490 156 491
PAINT_LINE 156 753 156 754
PAINT_LINE 156 756 156 757
PAINT_LINE 157 126 157 127
PAINT_LINE 157 227 157 228
PAINT_LINE 157 230 157 231
PAINT_LINE 157 490 157 491
PAINT_LINE 157 508 157 509
PAINT_LINE 157 653 157 654
PAINT_LINE 1 519 2 519
PAINT_LINE 2 411 3 411
PAINT_LINE 3 0 4 0
PAINT_LINE 3 610 4 610
PAINT_LINE 4 544 5 544
PAINT_LINE 4 636 5 636
PAINT_LINE 4 651 5 651
PAINT_LINE 4 654 5 654
PAINT_LINE 6 454 7 454
PAINT_LINE 8 182 9 182
PAINT_LINE 9 212 10 212
PAINT_LINE 12 454 13 454
PAINT_LINE 14 159 15 159
PAINT_LINE 16 259 17 259
PAINT_LINE 17 150 18 150
PAINT_LINE 17 663 18 663
PAINT_LINE 19 712 20 712
PAINT_LINE 21 246 22 246
PAINT_LINE 23 48 24 48
PAINT_LINE 23 292 24 292
PAINT_LINE 23 624 24 624
PAINT_LINE 26 618 27 618
PAINT_LINE 26 644 27 644
PAINT_LINE 29 0 30 0
PAINT_LINE 33 542 34 542
PAINT_LINE 33 660 34 660
PAINT_LINE 41 608 42 608
PAINT_LINE 52 675 53 675
PAINT_LINE 59 757 60 757
PAINT_LINE 61 748 62 748
PAINT_LINE 64 726 65 726
PAINT_LINE 75 675 76 675
PAINT_LINE 77 663 78 663
PAINT_LINE 77 716 78 716
PAINT_LINE 81 597 82 597
PAINT_LINE 82 72 83 72
PAINT_LINE 82 334 83 334
PAINT_LINE 82 591 83 591
PAINT_LINE 85 675 86 675
PAINT_LINE 87 788 88 788
PAINT_LINE 89 675 90 675
PAINT_LINE 89 788 90 788
PAINT_LINE 93 82 94 82
PAINT_LINE 95 406 96 406
PAINT_LINE 98 341 99 341
PAINT_LINE 101 697 102 697
PAINT_LINE 110 316 111 316
PAINT_LINE 110 335 111 335
PAINT_LINE 116 348 117 348
PAINT_LINE 116 498 117 498
PAINT_LINE 119 84 120 84
PAINT_LINE 119 95 120 95
PAINT_LINE 126 406 127 406
PAINT_LINE 128 376 129 376
PAINT_LINE 128 634 129 634
PAINT_LINE 129 683 130 683
PAINT_LINE 132 373 133 373
PAINT_LINE 132 380 133 380
PAINT_LINE 139 689 140 689
PAINT_LINE 139 692 140 692
PAINT_LINE 140 562 141 562
PAINT_LINE 141 187 142 187
PAINT_LINE 141 561 142 561
PAINT_LINE 143 200 144 200
PAINT_LINE 148 376 149 376
PAINT_LINE 151 155 152 155
PAINT_LINE 151 653 152 653
PAINT_LINE 153 627 154 627
PAINT_LINE 156 542 157 542
PAINT_SQUARE 11 297 0
PAINT_SQUARE 11 300 0
PAINT_SQUARE 12 238 0
PAINT_SQUARE 12 336 0
PAINT_SQUARE 20 92 0
PAINT_SQUARE 24 667 0
PAINT_SQUARE 25 47 0
PAINT_SQUARE 25 301 0
PAINT_SQUARE 25 635 0
PAINT_SQUARE 29 225 0
PAINT_SQUARE 30 640 0
PAINT_SQUARE 48 102 0
PAINT_SQUARE 98 312 0
PAINT_SQUARE 120 82 0
PAINT_SQUARE 126 660 0
PAINT_SQUARE 139 203 0
PAINT_SQUARE 142 546 0
PAINT_SQUARE 146 187 0
PAINT_SQUARE 147 203 0
PAINT_SQUARE 148 169 0
PAINT_SQUARE 153 204 0
PAINT_SQUARE 155 204 0
PAINT_SQUARE 155 207 0
PAINT_SQUARE 155 632 0
